{"/run/media/ldco/3734114f-7123-41f5-8f63-7f43c94879eb/NEW_ORDER/FABRICA22/nutausik-js/packages/nutausik/src/config.ts": {"path":"/run/media/ldco/3734114f-7123-41f5-8f63-7f43c94879eb/NEW_ORDER/FABRICA22/nutausik-js/packages/nutausik/src/config.ts","all":false,"statementMap":{"0":{"start":{"line":1,"column":0},"end":{"line":1,"column":76}},"1":{"start":{"line":2,"column":0},"end":{"line":2,"column":41}},"3":{"start":{"line":4,"column":0},"end":{"line":4,"column":80}},"5":{"start":{"line":6,"column":0},"end":{"line":6,"column":34}},"6":{"start":{"line":7,"column":0},"end":{"line":7,"column":29}},"7":{"start":{"line":8,"column":0},"end":{"line":8,"column":33}},"8":{"start":{"line":9,"column":0},"end":{"line":9,"column":39}},"10":{"start":{"line":11,"column":0},"end":{"line":11,"column":40}},"11":{"start":{"line":12,"column":0},"end":{"line":12,"column":32}},"12":{"start":{"line":13,"column":0},"end":{"line":13,"column":18}},"13":{"start":{"line":14,"column":0},"end":{"line":14,"column":29}},"14":{"start":{"line":15,"column":0},"end":{"line":15,"column":3}},"15":{"start":{"line":16,"column":0},"end":{"line":16,"column":1}},"17":{"start":{"line":18,"column":0},"end":{"line":18,"column":60}},"18":{"start":{"line":19,"column":0},"end":{"line":19,"column":37}},"19":{"start":{"line":20,"column":0},"end":{"line":20,"column":32}},"20":{"start":{"line":21,"column":0},"end":{"line":21,"column":48}},"21":{"start":{"line":22,"column":0},"end":{"line":22,"column":16}},"22":{"start":{"line":23,"column":0},"end":{"line":23,"column":5}},"23":{"start":{"line":24,"column":0},"end":{"line":24,"column":31}},"24":{"start":{"line":25,"column":0},"end":{"line":25,"column":29}},"25":{"start":{"line":26,"column":0},"end":{"line":26,"column":16}},"26":{"start":{"line":27,"column":0},"end":{"line":27,"column":3}},"27":{"start":{"line":28,"column":0},"end":{"line":28,"column":24}},"28":{"start":{"line":29,"column":0},"end":{"line":29,"column":62}},"29":{"start":{"line":30,"column":0},"end":{"line":30,"column":3}},"30":{"start":{"line":31,"column":0},"end":{"line":31,"column":1}},"32":{"start":{"line":33,"column":0},"end":{"line":33,"column":57}},"33":{"start":{"line":34,"column":0},"end":{"line":34,"column":41}},"34":{"start":{"line":35,"column":0},"end":{"line":35,"column":1}},"36":{"start":{"line":37,"column":0},"end":{"line":37,"column":52}},"37":{"start":{"line":38,"column":0},"end":{"line":38,"column":47}},"38":{"start":{"line":39,"column":0},"end":{"line":39,"column":1}},"40":{"start":{"line":41,"column":0},"end":{"line":41,"column":56}},"41":{"start":{"line":42,"column":0},"end":{"line":42,"column":51}},"42":{"start":{"line":43,"column":0},"end":{"line":43,"column":1}},"44":{"start":{"line":45,"column":0},"end":{"line":45,"column":64}},"45":{"start":{"line":46,"column":0},"end":{"line":46,"column":53}},"46":{"start":{"line":47,"column":0},"end":{"line":47,"column":1}},"48":{"start":{"line":49,"column":0},"end":{"line":49,"column":46}},"50":{"start":{"line":51,"column":0},"end":{"line":51,"column":65}},"51":{"start":{"line":52,"column":0},"end":{"line":52,"column":39}},"52":{"start":{"line":53,"column":0},"end":{"line":53,"column":41}},"53":{"start":{"line":54,"column":0},"end":{"line":54,"column":30}},"54":{"start":{"line":55,"column":0},"end":{"line":55,"column":26}},"55":{"start":{"line":56,"column":0},"end":{"line":56,"column":26}},"56":{"start":{"line":57,"column":0},"end":{"line":57,"column":3}},"57":{"start":{"line":58,"column":0},"end":{"line":58,"column":7}},"58":{"start":{"line":59,"column":0},"end":{"line":59,"column":43}},"59":{"start":{"line":60,"column":0},"end":{"line":60,"column":52}},"60":{"start":{"line":61,"column":0},"end":{"line":61,"column":23}},"61":{"start":{"line":62,"column":0},"end":{"line":62,"column":17}},"62":{"start":{"line":63,"column":0},"end":{"line":63,"column":26}},"63":{"start":{"line":64,"column":0},"end":{"line":64,"column":68}},"64":{"start":{"line":65,"column":0},"end":{"line":65,"column":5}},"65":{"start":{"line":66,"column":0},"end":{"line":66,"column":3}},"66":{"start":{"line":67,"column":0},"end":{"line":67,"column":1}},"68":{"start":{"line":69,"column":0},"end":{"line":69,"column":42}},"69":{"start":{"line":70,"column":0},"end":{"line":70,"column":21}},"70":{"start":{"line":71,"column":0},"end":{"line":71,"column":1}},"72":{"start":{"line":73,"column":0},"end":{"line":73,"column":79}},"73":{"start":{"line":74,"column":0},"end":{"line":74,"column":41}},"74":{"start":{"line":75,"column":0},"end":{"line":75,"column":31}},"75":{"start":{"line":76,"column":0},"end":{"line":76,"column":38}},"76":{"start":{"line":77,"column":0},"end":{"line":77,"column":30}},"77":{"start":{"line":78,"column":0},"end":{"line":78,"column":70}},"78":{"start":{"line":79,"column":0},"end":{"line":79,"column":23}},"79":{"start":{"line":80,"column":0},"end":{"line":80,"column":1}},"81":{"start":{"line":82,"column":0},"end":{"line":82,"column":41}},"82":{"start":{"line":83,"column":0},"end":{"line":83,"column":32}},"83":{"start":{"line":84,"column":0},"end":{"line":84,"column":11}},"84":{"start":{"line":85,"column":0},"end":{"line":85,"column":67}},"85":{"start":{"line":86,"column":0},"end":{"line":86,"column":1}},"87":{"start":{"line":88,"column":0},"end":{"line":88,"column":77}},"88":{"start":{"line":89,"column":0},"end":{"line":89,"column":28}},"89":{"start":{"line":90,"column":0},"end":{"line":90,"column":63}},"90":{"start":{"line":91,"column":0},"end":{"line":91,"column":60}},"91":{"start":{"line":92,"column":0},"end":{"line":92,"column":61}},"92":{"start":{"line":93,"column":0},"end":{"line":93,"column":73}},"93":{"start":{"line":94,"column":0},"end":{"line":94,"column":4}},"94":{"start":{"line":95,"column":0},"end":{"line":95,"column":53}},"95":{"start":{"line":96,"column":0},"end":{"line":96,"column":41}},"96":{"start":{"line":97,"column":0},"end":{"line":97,"column":44}},"97":{"start":{"line":98,"column":0},"end":{"line":98,"column":28}},"98":{"start":{"line":99,"column":0},"end":{"line":99,"column":5}},"99":{"start":{"line":100,"column":0},"end":{"line":100,"column":3}},"100":{"start":{"line":101,"column":0},"end":{"line":101,"column":17}},"101":{"start":{"line":102,"column":0},"end":{"line":102,"column":1}},"105":{"start":{"line":106,"column":0},"end":{"line":106,"column":35}},"106":{"start":{"line":107,"column":0},"end":{"line":107,"column":23}},"107":{"start":{"line":108,"column":0},"end":{"line":108,"column":34}},"108":{"start":{"line":109,"column":0},"end":{"line":109,"column":36}},"109":{"start":{"line":110,"column":0},"end":{"line":110,"column":27}},"110":{"start":{"line":111,"column":0},"end":{"line":111,"column":30}},"111":{"start":{"line":112,"column":0},"end":{"line":112,"column":43}},"112":{"start":{"line":113,"column":0},"end":{"line":113,"column":56}},"113":{"start":{"line":114,"column":0},"end":{"line":114,"column":57}},"114":{"start":{"line":115,"column":0},"end":{"line":115,"column":31}},"115":{"start":{"line":116,"column":0},"end":{"line":116,"column":5}},"116":{"start":{"line":117,"column":0},"end":{"line":117,"column":3}},"117":{"start":{"line":118,"column":0},"end":{"line":118,"column":15}},"118":{"start":{"line":119,"column":0},"end":{"line":119,"column":1}},"122":{"start":{"line":123,"column":0},"end":{"line":123,"column":48}},"124":{"start":{"line":125,"column":0},"end":{"line":125,"column":60}},"125":{"start":{"line":126,"column":0},"end":{"line":126,"column":36}},"126":{"start":{"line":127,"column":0},"end":{"line":127,"column":29}},"127":{"start":{"line":128,"column":0},"end":{"line":128,"column":20}},"128":{"start":{"line":129,"column":0},"end":{"line":129,"column":50}},"129":{"start":{"line":130,"column":0},"end":{"line":130,"column":3}},"130":{"start":{"line":131,"column":0},"end":{"line":131,"column":78}},"131":{"start":{"line":132,"column":0},"end":{"line":132,"column":26}},"132":{"start":{"line":133,"column":0},"end":{"line":133,"column":70}},"133":{"start":{"line":134,"column":0},"end":{"line":134,"column":55}},"134":{"start":{"line":135,"column":0},"end":{"line":135,"column":5}},"135":{"start":{"line":136,"column":0},"end":{"line":136,"column":3}},"136":{"start":{"line":137,"column":0},"end":{"line":137,"column":41}},"137":{"start":{"line":138,"column":0},"end":{"line":138,"column":26}},"138":{"start":{"line":139,"column":0},"end":{"line":139,"column":67}},"139":{"start":{"line":140,"column":0},"end":{"line":140,"column":5}},"140":{"start":{"line":141,"column":0},"end":{"line":141,"column":3}},"141":{"start":{"line":142,"column":0},"end":{"line":142,"column":1}},"143":{"start":{"line":144,"column":0},"end":{"line":144,"column":63}},"144":{"start":{"line":145,"column":0},"end":{"line":145,"column":85}},"145":{"start":{"line":146,"column":0},"end":{"line":146,"column":26}},"146":{"start":{"line":147,"column":0},"end":{"line":147,"column":83}},"147":{"start":{"line":148,"column":0},"end":{"line":148,"column":5}},"148":{"start":{"line":149,"column":0},"end":{"line":149,"column":3}},"149":{"start":{"line":150,"column":0},"end":{"line":150,"column":31}},"150":{"start":{"line":151,"column":0},"end":{"line":151,"column":1}}},"s":{"0":1,"1":1,"3":1,"5":1,"6":1,"7":1,"8":1,"10":1,"11":1,"12":3,"13":3,"14":3,"15":1,"17":1,"18":100,"19":100,"20":100,"21":100,"22":100,"23":0,"24":0,"25":0,"26":0,"27":0,"28":0,"29":0,"30":0,"32":1,"33":30,"34":30,"36":1,"37":0,"38":0,"40":1,"41":29,"42":29,"44":1,"45":102,"46":102,"48":1,"50":1,"51":5,"52":3,"53":5,"54":5,"55":1,"56":1,"57":2,"58":2,"59":2,"60":2,"61":5,"62":0,"63":0,"64":0,"65":0,"66":5,"68":1,"69":11,"70":11,"72":1,"73":1,"74":1,"75":1,"76":1,"77":1,"78":1,"79":1,"81":1,"82":2,"83":2,"84":2,"85":2,"87":1,"88":2,"89":2,"90":2,"91":2,"92":2,"93":2,"94":2,"95":2,"96":2,"97":2,"98":2,"99":2,"100":1,"101":1,"105":1,"106":0,"107":0,"108":0,"109":0,"110":0,"111":0,"112":0,"113":0,"114":0,"115":0,"116":0,"117":0,"118":0,"122":1,"124":1,"125":5,"126":5,"127":5,"128":0,"129":0,"130":5,"131":2,"132":2,"133":2,"134":2,"135":2,"136":5,"137":1,"138":1,"139":1,"140":1,"141":5,"143":1,"144":0,"145":0,"146":0,"147":0,"148":0,"149":0,"150":0},"branchMap":{"0":{"type":"branch","line":12,"loc":{"start":{"line":12,"column":2},"end":{"line":15,"column":3}},"locations":[{"start":{"line":12,"column":2},"end":{"line":15,"column":3}}]},"1":{"type":"branch","line":18,"loc":{"start":{"line":18,"column":7},"end":{"line":31,"column":1}},"locations":[{"start":{"line":18,"column":7},"end":{"line":31,"column":1}}]},"2":{"type":"branch","line":19,"loc":{"start":{"line":19,"column":12},"end":{"line":19,"column":37}},"locations":[{"start":{"line":19,"column":12},"end":{"line":19,"column":37}}]},"3":{"type":"branch","line":23,"loc":{"start":{"line":23,"column":4},"end":{"line":31,"column":1}},"locations":[{"start":{"line":23,"column":4},"end":{"line":31,"column":1}}]},"4":{"type":"branch","line":33,"loc":{"start":{"line":33,"column":7},"end":{"line":35,"column":1}},"locations":[{"start":{"line":33,"column":7},"end":{"line":35,"column":1}}]},"5":{"type":"branch","line":41,"loc":{"start":{"line":41,"column":7},"end":{"line":43,"column":1}},"locations":[{"start":{"line":41,"column":7},"end":{"line":43,"column":1}}]},"6":{"type":"branch","line":45,"loc":{"start":{"line":45,"column":7},"end":{"line":47,"column":1}},"locations":[{"start":{"line":45,"column":7},"end":{"line":47,"column":1}}]},"7":{"type":"branch","line":51,"loc":{"start":{"line":51,"column":7},"end":{"line":67,"column":1}},"locations":[{"start":{"line":51,"column":7},"end":{"line":67,"column":1}}]},"8":{"type":"branch","line":52,"loc":{"start":{"line":52,"column":20},"end":{"line":52,"column":39}},"locations":[{"start":{"line":52,"column":20},"end":{"line":52,"column":39}}]},"9":{"type":"branch","line":52,"loc":{"start":{"line":52,"column":27},"end":{"line":53,"column":41}},"locations":[{"start":{"line":52,"column":27},"end":{"line":53,"column":41}}]},"10":{"type":"branch","line":53,"loc":{"start":{"line":53,"column":14},"end":{"line":53,"column":41}},"locations":[{"start":{"line":53,"column":14},"end":{"line":53,"column":41}}]},"11":{"type":"branch","line":55,"loc":{"start":{"line":55,"column":25},"end":{"line":62,"column":11}},"locations":[{"start":{"line":55,"column":25},"end":{"line":62,"column":11}}]},"12":{"type":"branch","line":55,"loc":{"start":{"line":55,"column":25},"end":{"line":57,"column":3}},"locations":[{"start":{"line":55,"column":25},"end":{"line":57,"column":3}}]},"13":{"type":"branch","line":57,"loc":{"start":{"line":57,"column":2},"end":{"line":62,"column":11}},"locations":[{"start":{"line":57,"column":2},"end":{"line":62,"column":11}}]},"14":{"type":"branch","line":62,"loc":{"start":{"line":62,"column":2},"end":{"line":66,"column":3}},"locations":[{"start":{"line":62,"column":2},"end":{"line":66,"column":3}}]},"15":{"type":"branch","line":69,"loc":{"start":{"line":69,"column":7},"end":{"line":71,"column":1}},"locations":[{"start":{"line":69,"column":7},"end":{"line":71,"column":1}}]},"16":{"type":"branch","line":73,"loc":{"start":{"line":73,"column":7},"end":{"line":80,"column":1}},"locations":[{"start":{"line":73,"column":7},"end":{"line":80,"column":1}}]},"17":{"type":"branch","line":82,"loc":{"start":{"line":82,"column":7},"end":{"line":86,"column":1}},"locations":[{"start":{"line":82,"column":7},"end":{"line":86,"column":1}}]},"18":{"type":"branch","line":85,"loc":{"start":{"line":85,"column":9},"end":{"line":85,"column":40}},"locations":[{"start":{"line":85,"column":9},"end":{"line":85,"column":40}}]},"19":{"type":"branch","line":85,"loc":{"start":{"line":85,"column":17},"end":{"line":85,"column":67}},"locations":[{"start":{"line":85,"column":17},"end":{"line":85,"column":67}}]},"20":{"type":"branch","line":88,"loc":{"start":{"line":88,"column":7},"end":{"line":102,"column":1}},"locations":[{"start":{"line":88,"column":7},"end":{"line":102,"column":1}}]},"21":{"type":"branch","line":95,"loc":{"start":{"line":95,"column":7},"end":{"line":95,"column":38}},"locations":[{"start":{"line":95,"column":7},"end":{"line":95,"column":38}}]},"22":{"type":"branch","line":95,"loc":{"start":{"line":95,"column":38},"end":{"line":96,"column":40}},"locations":[{"start":{"line":95,"column":38},"end":{"line":96,"column":40}}]},"23":{"type":"branch","line":100,"loc":{"start":{"line":100,"column":2},"end":{"line":102,"column":1}},"locations":[{"start":{"line":100,"column":2},"end":{"line":102,"column":1}}]},"24":{"type":"branch","line":125,"loc":{"start":{"line":125,"column":7},"end":{"line":142,"column":1}},"locations":[{"start":{"line":125,"column":7},"end":{"line":142,"column":1}}]},"25":{"type":"branch","line":128,"loc":{"start":{"line":128,"column":19},"end":{"line":130,"column":3}},"locations":[{"start":{"line":128,"column":19},"end":{"line":130,"column":3}}]},"26":{"type":"branch","line":131,"loc":{"start":{"line":131,"column":77},"end":{"line":136,"column":3}},"locations":[{"start":{"line":131,"column":77},"end":{"line":136,"column":3}}]},"27":{"type":"branch","line":136,"loc":{"start":{"line":136,"column":2},"end":{"line":137,"column":40}},"locations":[{"start":{"line":136,"column":2},"end":{"line":137,"column":40}}]},"28":{"type":"branch","line":137,"loc":{"start":{"line":137,"column":40},"end":{"line":141,"column":3}},"locations":[{"start":{"line":137,"column":40},"end":{"line":141,"column":3}}]}},"b":{"0":[3],"1":[100],"2":[0],"3":[0],"4":[30],"5":[29],"6":[102],"7":[5],"8":[2],"9":[3],"10":[1],"11":[4],"12":[1],"13":[2],"14":[0],"15":[11],"16":[1],"17":[2],"18":[1],"19":[1],"20":[2],"21":[1],"22":[1],"23":[1],"24":[5],"25":[0],"26":[2],"27":[3],"28":[1]},"fnMap":{"0":{"name":"ConfigError","decl":{"start":{"line":12,"column":2},"end":{"line":15,"column":3}},"loc":{"start":{"line":12,"column":2},"end":{"line":15,"column":3}},"line":12},"1":{"name":"findProjectRoot","decl":{"start":{"line":18,"column":7},"end":{"line":31,"column":1}},"loc":{"start":{"line":18,"column":7},"end":{"line":31,"column":1}},"line":18},"2":{"name":"nutausikDir","decl":{"start":{"line":33,"column":7},"end":{"line":35,"column":1}},"loc":{"start":{"line":33,"column":7},"end":{"line":35,"column":1}},"line":33},"3":{"name":"dbPath","decl":{"start":{"line":37,"column":7},"end":{"line":39,"column":1}},"loc":{"start":{"line":37,"column":7},"end":{"line":39,"column":1}},"line":37},"4":{"name":"configPath","decl":{"start":{"line":41,"column":7},"end":{"line":43,"column":1}},"loc":{"start":{"line":41,"column":7},"end":{"line":43,"column":1}},"line":41},"5":{"name":"isNutausikProject","decl":{"start":{"line":45,"column":7},"end":{"line":47,"column":1}},"loc":{"start":{"line":45,"column":7},"end":{"line":47,"column":1}},"line":45},"6":{"name":"loadConfig","decl":{"start":{"line":51,"column":7},"end":{"line":67,"column":1}},"loc":{"start":{"line":51,"column":7},"end":{"line":67,"column":1}},"line":51},"7":{"name":"clearConfigCache","decl":{"start":{"line":69,"column":7},"end":{"line":71,"column":1}},"loc":{"start":{"line":69,"column":7},"end":{"line":71,"column":1}},"line":69},"8":{"name":"saveConfig","decl":{"start":{"line":73,"column":7},"end":{"line":80,"column":1}},"loc":{"start":{"line":73,"column":7},"end":{"line":80,"column":1}},"line":73},"9":{"name":"defaultSessionMaxMinutes","decl":{"start":{"line":82,"column":7},"end":{"line":86,"column":1}},"loc":{"start":{"line":82,"column":7},"end":{"line":86,"column":1}},"line":82},"10":{"name":"getValidStacks","decl":{"start":{"line":88,"column":7},"end":{"line":102,"column":1}},"loc":{"start":{"line":88,"column":7},"end":{"line":102,"column":1}},"line":88},"11":{"name":"getGatesForTrigger","decl":{"start":{"line":106,"column":7},"end":{"line":119,"column":1}},"loc":{"start":{"line":106,"column":7},"end":{"line":119,"column":1}},"line":106},"12":{"name":"validateGateCommand","decl":{"start":{"line":125,"column":7},"end":{"line":142,"column":1}},"loc":{"start":{"line":125,"column":7},"end":{"line":142,"column":1}},"line":125},"13":{"name":"validateTrigger","decl":{"start":{"line":144,"column":7},"end":{"line":151,"column":1}},"loc":{"start":{"line":144,"column":7},"end":{"line":151,"column":1}},"line":144}},"f":{"0":3,"1":100,"2":30,"3":0,"4":29,"5":102,"6":5,"7":11,"8":1,"9":2,"10":2,"11":0,"12":5,"13":0}}
,"/run/media/ldco/3734114f-7123-41f5-8f63-7f43c94879eb/NEW_ORDER/FABRICA22/nutausik-js/packages/nutausik/src/audit/index.ts": {"path":"/run/media/ldco/3734114f-7123-41f5-8f63-7f43c94879eb/NEW_ORDER/FABRICA22/nutausik-js/packages/nutausik/src/audit/index.ts","all":false,"statementMap":{"0":{"start":{"line":1,"column":0},"end":{"line":1,"column":60}},"1":{"start":{"line":2,"column":0},"end":{"line":2,"column":32}},"10":{"start":{"line":11,"column":0},"end":{"line":11,"column":60}},"11":{"start":{"line":12,"column":0},"end":{"line":12,"column":34}},"13":{"start":{"line":14,"column":0},"end":{"line":14,"column":65}},"14":{"start":{"line":15,"column":0},"end":{"line":15,"column":31}},"15":{"start":{"line":16,"column":0},"end":{"line":16,"column":9}},"16":{"start":{"line":17,"column":0},"end":{"line":17,"column":63}},"17":{"start":{"line":18,"column":0},"end":{"line":18,"column":136}},"18":{"start":{"line":19,"column":0},"end":{"line":19,"column":114}},"19":{"start":{"line":20,"column":0},"end":{"line":20,"column":13}},"20":{"start":{"line":21,"column":0},"end":{"line":21,"column":110}},"21":{"start":{"line":22,"column":0},"end":{"line":22,"column":5}},"22":{"start":{"line":23,"column":0},"end":{"line":23,"column":10}},"23":{"start":{"line":24,"column":0},"end":{"line":24,"column":105}},"24":{"start":{"line":25,"column":0},"end":{"line":25,"column":3}},"26":{"start":{"line":27,"column":0},"end":{"line":27,"column":61}},"27":{"start":{"line":28,"column":0},"end":{"line":28,"column":27}},"28":{"start":{"line":29,"column":0},"end":{"line":29,"column":47}},"29":{"start":{"line":30,"column":0},"end":{"line":30,"column":129}},"30":{"start":{"line":31,"column":0},"end":{"line":31,"column":10}},"31":{"start":{"line":32,"column":0},"end":{"line":32,"column":99}},"32":{"start":{"line":33,"column":0},"end":{"line":33,"column":3}},"34":{"start":{"line":35,"column":0},"end":{"line":35,"column":53}},"35":{"start":{"line":36,"column":0},"end":{"line":36,"column":30}},"36":{"start":{"line":37,"column":0},"end":{"line":37,"column":42}},"37":{"start":{"line":38,"column":0},"end":{"line":38,"column":83}},"38":{"start":{"line":39,"column":0},"end":{"line":39,"column":5}},"39":{"start":{"line":40,"column":0},"end":{"line":40,"column":3}},"41":{"start":{"line":42,"column":0},"end":{"line":42,"column":16}},"42":{"start":{"line":43,"column":0},"end":{"line":43,"column":1}}},"s":{"0":1,"1":1,"10":1,"11":3,"13":3,"14":3,"15":2,"16":2,"17":2,"18":1,"19":2,"20":0,"21":0,"22":3,"23":1,"24":1,"26":3,"27":3,"28":1,"29":1,"30":3,"31":2,"32":2,"34":3,"35":3,"36":6,"37":2,"38":2,"39":6,"41":3,"42":3},"branchMap":{"0":{"type":"branch","line":11,"loc":{"start":{"line":11,"column":7},"end":{"line":43,"column":1}},"locations":[{"start":{"line":11,"column":7},"end":{"line":43,"column":1}}]},"1":{"type":"branch","line":15,"loc":{"start":{"line":15,"column":30},"end":{"line":23,"column":9}},"locations":[{"start":{"line":15,"column":30},"end":{"line":23,"column":9}}]},"2":{"type":"branch","line":18,"loc":{"start":{"line":18,"column":24},"end":{"line":19,"column":114}},"locations":[{"start":{"line":18,"column":24},"end":{"line":19,"column":114}}]},"3":{"type":"branch","line":20,"loc":{"start":{"line":20,"column":4},"end":{"line":22,"column":5}},"locations":[{"start":{"line":20,"column":4},"end":{"line":22,"column":5}}]},"4":{"type":"branch","line":23,"loc":{"start":{"line":23,"column":2},"end":{"line":25,"column":3}},"locations":[{"start":{"line":23,"column":2},"end":{"line":25,"column":3}}]},"5":{"type":"branch","line":28,"loc":{"start":{"line":28,"column":26},"end":{"line":31,"column":9}},"locations":[{"start":{"line":28,"column":26},"end":{"line":31,"column":9}}]},"6":{"type":"branch","line":30,"loc":{"start":{"line":30,"column":71},"end":{"line":30,"column":86}},"locations":[{"start":{"line":30,"column":71},"end":{"line":30,"column":86}}]},"7":{"type":"branch","line":31,"loc":{"start":{"line":31,"column":2},"end":{"line":33,"column":3}},"locations":[{"start":{"line":31,"column":2},"end":{"line":33,"column":3}}]},"8":{"type":"branch","line":36,"loc":{"start":{"line":36,"column":29},"end":{"line":40,"column":3}},"locations":[{"start":{"line":36,"column":29},"end":{"line":40,"column":3}}]},"9":{"type":"branch","line":37,"loc":{"start":{"line":37,"column":41},"end":{"line":39,"column":5}},"locations":[{"start":{"line":37,"column":41},"end":{"line":39,"column":5}}]}},"b":{"0":[3],"1":[2],"2":[1],"3":[0],"4":[1],"5":[1],"6":[0],"7":[2],"8":[6],"9":[2]},"fnMap":{"0":{"name":"runAudit","decl":{"start":{"line":11,"column":7},"end":{"line":43,"column":1}},"loc":{"start":{"line":11,"column":7},"end":{"line":43,"column":1}},"line":11}},"f":{"0":3}}
,"/run/media/ldco/3734114f-7123-41f5-8f63-7f43c94879eb/NEW_ORDER/FABRICA22/nutausik-js/packages/nutausik/src/backend/crud.ts": {"path":"/run/media/ldco/3734114f-7123-41f5-8f63-7f43c94879eb/NEW_ORDER/FABRICA22/nutausik-js/packages/nutausik/src/backend/crud.ts","all":false,"statementMap":{"1":{"start":{"line":2,"column":0},"end":{"line":2,"column":47}},"10":{"start":{"line":11,"column":0},"end":{"line":11,"column":77}},"11":{"start":{"line":12,"column":0},"end":{"line":12,"column":109}},"12":{"start":{"line":13,"column":0},"end":{"line":13,"column":19}},"13":{"start":{"line":14,"column":0},"end":{"line":14,"column":1}},"15":{"start":{"line":16,"column":0},"end":{"line":16,"column":78}},"16":{"start":{"line":17,"column":0},"end":{"line":17,"column":89}},"17":{"start":{"line":18,"column":0},"end":{"line":18,"column":1}},"19":{"start":{"line":20,"column":0},"end":{"line":20,"column":69}},"20":{"start":{"line":21,"column":0},"end":{"line":21,"column":60}},"21":{"start":{"line":22,"column":0},"end":{"line":22,"column":94}},"22":{"start":{"line":23,"column":0},"end":{"line":23,"column":1}},"26":{"start":{"line":27,"column":0},"end":{"line":27,"column":127}},"27":{"start":{"line":28,"column":0},"end":{"line":28,"column":25}},"28":{"start":{"line":29,"column":0},"end":{"line":29,"column":169}},"29":{"start":{"line":30,"column":0},"end":{"line":30,"column":34}},"30":{"start":{"line":31,"column":0},"end":{"line":31,"column":1}},"32":{"start":{"line":33,"column":0},"end":{"line":33,"column":79}},"33":{"start":{"line":34,"column":0},"end":{"line":34,"column":93}},"34":{"start":{"line":35,"column":0},"end":{"line":35,"column":1}},"36":{"start":{"line":37,"column":0},"end":{"line":37,"column":73}},"37":{"start":{"line":38,"column":0},"end":{"line":38,"column":124}},"38":{"start":{"line":39,"column":0},"end":{"line":39,"column":89}},"39":{"start":{"line":40,"column":0},"end":{"line":40,"column":1}},"41":{"start":{"line":42,"column":0},"end":{"line":42,"column":102}},"42":{"start":{"line":43,"column":0},"end":{"line":43,"column":61}},"43":{"start":{"line":44,"column":0},"end":{"line":44,"column":27}},"44":{"start":{"line":45,"column":0},"end":{"line":45,"column":28}},"45":{"start":{"line":46,"column":0},"end":{"line":46,"column":48}},"46":{"start":{"line":47,"column":0},"end":{"line":47,"column":63}},"47":{"start":{"line":48,"column":0},"end":{"line":48,"column":3}},"48":{"start":{"line":49,"column":0},"end":{"line":49,"column":47}},"49":{"start":{"line":50,"column":0},"end":{"line":50,"column":17}},"50":{"start":{"line":51,"column":0},"end":{"line":51,"column":82}},"51":{"start":{"line":52,"column":0},"end":{"line":52,"column":34}},"52":{"start":{"line":53,"column":0},"end":{"line":53,"column":1}},"54":{"start":{"line":55,"column":0},"end":{"line":55,"column":69}},"55":{"start":{"line":56,"column":0},"end":{"line":56,"column":61}},"56":{"start":{"line":57,"column":0},"end":{"line":57,"column":34}},"57":{"start":{"line":58,"column":0},"end":{"line":58,"column":1}},"61":{"start":{"line":62,"column":0},"end":{"line":62,"column":129}},"62":{"start":{"line":63,"column":0},"end":{"line":63,"column":36}},"63":{"start":{"line":64,"column":0},"end":{"line":64,"column":60}},"64":{"start":{"line":65,"column":0},"end":{"line":65,"column":25}},"65":{"start":{"line":66,"column":0},"end":{"line":66,"column":161}},"66":{"start":{"line":67,"column":0},"end":{"line":67,"column":57}},"67":{"start":{"line":68,"column":0},"end":{"line":68,"column":1}},"69":{"start":{"line":70,"column":0},"end":{"line":70,"column":81}},"70":{"start":{"line":71,"column":0},"end":{"line":71,"column":96}},"71":{"start":{"line":72,"column":0},"end":{"line":72,"column":1}},"73":{"start":{"line":74,"column":0},"end":{"line":74,"column":104}},"74":{"start":{"line":75,"column":0},"end":{"line":75,"column":33}},"75":{"start":{"line":76,"column":0},"end":{"line":76,"column":28}},"76":{"start":{"line":77,"column":0},"end":{"line":77,"column":22}},"77":{"start":{"line":78,"column":0},"end":{"line":78,"column":42}},"78":{"start":{"line":79,"column":0},"end":{"line":79,"column":68}},"79":{"start":{"line":80,"column":0},"end":{"line":80,"column":3}},"80":{"start":{"line":81,"column":0},"end":{"line":81,"column":83}},"81":{"start":{"line":82,"column":0},"end":{"line":82,"column":76}},"82":{"start":{"line":83,"column":0},"end":{"line":83,"column":108}},"83":{"start":{"line":84,"column":0},"end":{"line":84,"column":1}},"85":{"start":{"line":86,"column":0},"end":{"line":86,"column":103}},"86":{"start":{"line":87,"column":0},"end":{"line":87,"column":61}},"87":{"start":{"line":88,"column":0},"end":{"line":88,"column":27}},"88":{"start":{"line":89,"column":0},"end":{"line":89,"column":28}},"89":{"start":{"line":90,"column":0},"end":{"line":90,"column":48}},"90":{"start":{"line":91,"column":0},"end":{"line":91,"column":63}},"91":{"start":{"line":92,"column":0},"end":{"line":92,"column":3}},"92":{"start":{"line":93,"column":0},"end":{"line":93,"column":47}},"93":{"start":{"line":94,"column":0},"end":{"line":94,"column":17}},"94":{"start":{"line":95,"column":0},"end":{"line":95,"column":84}},"95":{"start":{"line":96,"column":0},"end":{"line":96,"column":35}},"96":{"start":{"line":97,"column":0},"end":{"line":97,"column":1}},"98":{"start":{"line":99,"column":0},"end":{"line":99,"column":70}},"99":{"start":{"line":100,"column":0},"end":{"line":100,"column":63}},"100":{"start":{"line":101,"column":0},"end":{"line":101,"column":35}},"101":{"start":{"line":102,"column":0},"end":{"line":102,"column":1}},"105":{"start":{"line":106,"column":0},"end":{"line":106,"column":299}},"107":{"start":{"line":108,"column":0},"end":{"line":108,"column":258}},"108":{"start":{"line":109,"column":0},"end":{"line":109,"column":25}},"109":{"start":{"line":110,"column":0},"end":{"line":110,"column":24}},"110":{"start":{"line":111,"column":0},"end":{"line":111,"column":315}},"111":{"start":{"line":112,"column":0},"end":{"line":112,"column":135}},"112":{"start":{"line":113,"column":0},"end":{"line":113,"column":1}},"114":{"start":{"line":115,"column":0},"end":{"line":115,"column":79}},"115":{"start":{"line":116,"column":0},"end":{"line":116,"column":93}},"116":{"start":{"line":117,"column":0},"end":{"line":117,"column":1}},"118":{"start":{"line":119,"column":0},"end":{"line":119,"column":567}},"120":{"start":{"line":121,"column":0},"end":{"line":121,"column":93}},"121":{"start":{"line":122,"column":0},"end":{"line":122,"column":27}},"122":{"start":{"line":123,"column":0},"end":{"line":123,"column":28}},"123":{"start":{"line":124,"column":0},"end":{"line":124,"column":48}},"124":{"start":{"line":125,"column":0},"end":{"line":125,"column":74}},"125":{"start":{"line":126,"column":0},"end":{"line":126,"column":3}},"126":{"start":{"line":127,"column":0},"end":{"line":127,"column":26}},"127":{"start":{"line":128,"column":0},"end":{"line":128,"column":29}},"128":{"start":{"line":129,"column":0},"end":{"line":129,"column":24}},"129":{"start":{"line":130,"column":0},"end":{"line":130,"column":17}},"130":{"start":{"line":131,"column":0},"end":{"line":131,"column":82}},"131":{"start":{"line":132,"column":0},"end":{"line":132,"column":1}},"133":{"start":{"line":134,"column":0},"end":{"line":134,"column":149}},"134":{"start":{"line":135,"column":0},"end":{"line":135,"column":54}},"135":{"start":{"line":136,"column":0},"end":{"line":136,"column":28}},"136":{"start":{"line":137,"column":0},"end":{"line":137,"column":24}},"137":{"start":{"line":138,"column":0},"end":{"line":138,"column":65}},"138":{"start":{"line":139,"column":0},"end":{"line":139,"column":71}},"139":{"start":{"line":140,"column":0},"end":{"line":140,"column":26}},"140":{"start":{"line":141,"column":0},"end":{"line":141,"column":3}},"141":{"start":{"line":142,"column":0},"end":{"line":142,"column":121}},"142":{"start":{"line":143,"column":0},"end":{"line":143,"column":159}},"143":{"start":{"line":144,"column":0},"end":{"line":144,"column":77}},"144":{"start":{"line":145,"column":0},"end":{"line":145,"column":80}},"145":{"start":{"line":146,"column":0},"end":{"line":146,"column":130}},"146":{"start":{"line":147,"column":0},"end":{"line":147,"column":1}},"148":{"start":{"line":149,"column":0},"end":{"line":149,"column":67}},"149":{"start":{"line":150,"column":0},"end":{"line":150,"column":61}},"150":{"start":{"line":151,"column":0},"end":{"line":151,"column":1}},"152":{"start":{"line":153,"column":0},"end":{"line":153,"column":84}},"153":{"start":{"line":154,"column":0},"end":{"line":154,"column":218}},"154":{"start":{"line":155,"column":0},"end":{"line":155,"column":155}},"155":{"start":{"line":156,"column":0},"end":{"line":156,"column":1}},"159":{"start":{"line":160,"column":0},"end":{"line":160,"column":57}},"160":{"start":{"line":161,"column":0},"end":{"line":161,"column":25}},"161":{"start":{"line":162,"column":0},"end":{"line":162,"column":83}},"162":{"start":{"line":163,"column":0},"end":{"line":163,"column":87}},"163":{"start":{"line":164,"column":0},"end":{"line":164,"column":39}},"164":{"start":{"line":165,"column":0},"end":{"line":165,"column":1}},"166":{"start":{"line":167,"column":0},"end":{"line":167,"column":53}},"167":{"start":{"line":168,"column":0},"end":{"line":168,"column":25}},"168":{"start":{"line":169,"column":0},"end":{"line":169,"column":83}},"169":{"start":{"line":170,"column":0},"end":{"line":170,"column":1}},"171":{"start":{"line":172,"column":0},"end":{"line":172,"column":75}},"172":{"start":{"line":173,"column":0},"end":{"line":173,"column":136}},"173":{"start":{"line":174,"column":0},"end":{"line":174,"column":1}},"175":{"start":{"line":176,"column":0},"end":{"line":176,"column":74}},"176":{"start":{"line":177,"column":0},"end":{"line":177,"column":108}},"177":{"start":{"line":178,"column":0},"end":{"line":178,"column":1}},"179":{"start":{"line":180,"column":0},"end":{"line":180,"column":83}},"180":{"start":{"line":181,"column":0},"end":{"line":181,"column":95}},"181":{"start":{"line":182,"column":0},"end":{"line":182,"column":1}},"185":{"start":{"line":186,"column":0},"end":{"line":186,"column":127}},"186":{"start":{"line":187,"column":0},"end":{"line":187,"column":25}},"187":{"start":{"line":188,"column":0},"end":{"line":188,"column":161}},"188":{"start":{"line":189,"column":0},"end":{"line":189,"column":41}},"189":{"start":{"line":190,"column":0},"end":{"line":190,"column":1}},"191":{"start":{"line":192,"column":0},"end":{"line":192,"column":83}},"192":{"start":{"line":193,"column":0},"end":{"line":193,"column":139}},"193":{"start":{"line":194,"column":0},"end":{"line":194,"column":97}},"194":{"start":{"line":195,"column":0},"end":{"line":195,"column":1}},"198":{"start":{"line":199,"column":0},"end":{"line":199,"column":148}},"199":{"start":{"line":200,"column":0},"end":{"line":200,"column":25}},"200":{"start":{"line":201,"column":0},"end":{"line":201,"column":213}},"201":{"start":{"line":202,"column":0},"end":{"line":202,"column":39}},"202":{"start":{"line":203,"column":0},"end":{"line":203,"column":1}},"204":{"start":{"line":205,"column":0},"end":{"line":205,"column":81}},"205":{"start":{"line":206,"column":0},"end":{"line":206,"column":92}},"206":{"start":{"line":207,"column":0},"end":{"line":207,"column":1}},"208":{"start":{"line":209,"column":0},"end":{"line":209,"column":128}},"209":{"start":{"line":210,"column":0},"end":{"line":210,"column":33}},"210":{"start":{"line":211,"column":0},"end":{"line":211,"column":28}},"211":{"start":{"line":212,"column":0},"end":{"line":212,"column":77}},"212":{"start":{"line":213,"column":0},"end":{"line":213,"column":90}},"213":{"start":{"line":214,"column":0},"end":{"line":214,"column":64}},"214":{"start":{"line":215,"column":0},"end":{"line":215,"column":76}},"215":{"start":{"line":216,"column":0},"end":{"line":216,"column":108}},"216":{"start":{"line":217,"column":0},"end":{"line":217,"column":1}},"218":{"start":{"line":219,"column":0},"end":{"line":219,"column":100}},"219":{"start":{"line":220,"column":0},"end":{"line":220,"column":27}},"220":{"start":{"line":221,"column":0},"end":{"line":221,"column":28}},"221":{"start":{"line":222,"column":0},"end":{"line":222,"column":55}},"222":{"start":{"line":223,"column":0},"end":{"line":223,"column":48}},"223":{"start":{"line":224,"column":0},"end":{"line":224,"column":63}},"224":{"start":{"line":225,"column":0},"end":{"line":225,"column":3}},"225":{"start":{"line":226,"column":0},"end":{"line":226,"column":26}},"226":{"start":{"line":227,"column":0},"end":{"line":227,"column":29}},"227":{"start":{"line":228,"column":0},"end":{"line":228,"column":24}},"228":{"start":{"line":229,"column":0},"end":{"line":229,"column":15}},"229":{"start":{"line":230,"column":0},"end":{"line":230,"column":81}},"230":{"start":{"line":231,"column":0},"end":{"line":231,"column":1}},"232":{"start":{"line":233,"column":0},"end":{"line":233,"column":67}},"233":{"start":{"line":234,"column":0},"end":{"line":234,"column":58}},"234":{"start":{"line":235,"column":0},"end":{"line":235,"column":1}},"238":{"start":{"line":239,"column":0},"end":{"line":239,"column":155}},"239":{"start":{"line":240,"column":0},"end":{"line":240,"column":25}},"240":{"start":{"line":241,"column":0},"end":{"line":241,"column":210}},"241":{"start":{"line":242,"column":0},"end":{"line":242,"column":39}},"242":{"start":{"line":243,"column":0},"end":{"line":243,"column":1}},"244":{"start":{"line":245,"column":0},"end":{"line":245,"column":110}},"245":{"start":{"line":246,"column":0},"end":{"line":246,"column":33}},"246":{"start":{"line":247,"column":0},"end":{"line":247,"column":28}},"247":{"start":{"line":248,"column":0},"end":{"line":248,"column":79}},"248":{"start":{"line":249,"column":0},"end":{"line":249,"column":73}},"249":{"start":{"line":250,"column":0},"end":{"line":250,"column":76}},"250":{"start":{"line":251,"column":0},"end":{"line":251,"column":122}},"251":{"start":{"line":252,"column":0},"end":{"line":252,"column":1}},"255":{"start":{"line":256,"column":0},"end":{"line":256,"column":119}},"256":{"start":{"line":257,"column":0},"end":{"line":257,"column":25}},"257":{"start":{"line":258,"column":0},"end":{"line":258,"column":193}},"258":{"start":{"line":259,"column":0},"end":{"line":259,"column":39}},"259":{"start":{"line":260,"column":0},"end":{"line":260,"column":1}},"261":{"start":{"line":262,"column":0},"end":{"line":262,"column":89}},"262":{"start":{"line":263,"column":0},"end":{"line":263,"column":145}},"263":{"start":{"line":264,"column":0},"end":{"line":264,"column":103}},"264":{"start":{"line":265,"column":0},"end":{"line":265,"column":1}},"268":{"start":{"line":269,"column":0},"end":{"line":269,"column":110}},"269":{"start":{"line":270,"column":0},"end":{"line":270,"column":25}},"270":{"start":{"line":271,"column":0},"end":{"line":271,"column":158}},"271":{"start":{"line":272,"column":0},"end":{"line":272,"column":34}},"272":{"start":{"line":273,"column":0},"end":{"line":273,"column":1}},"274":{"start":{"line":275,"column":0},"end":{"line":275,"column":79}},"275":{"start":{"line":276,"column":0},"end":{"line":276,"column":93}},"276":{"start":{"line":277,"column":0},"end":{"line":277,"column":1}},"278":{"start":{"line":279,"column":0},"end":{"line":279,"column":56}},"279":{"start":{"line":280,"column":0},"end":{"line":280,"column":78}},"280":{"start":{"line":281,"column":0},"end":{"line":281,"column":1}},"282":{"start":{"line":283,"column":0},"end":{"line":283,"column":67}},"283":{"start":{"line":284,"column":0},"end":{"line":284,"column":61}},"284":{"start":{"line":285,"column":0},"end":{"line":285,"column":1}},"288":{"start":{"line":289,"column":0},"end":{"line":289,"column":210}},"289":{"start":{"line":290,"column":0},"end":{"line":290,"column":25}},"290":{"start":{"line":291,"column":0},"end":{"line":291,"column":269}},"291":{"start":{"line":292,"column":0},"end":{"line":292,"column":39}},"292":{"start":{"line":293,"column":0},"end":{"line":293,"column":1}},"294":{"start":{"line":295,"column":0},"end":{"line":295,"column":144}},"295":{"start":{"line":296,"column":0},"end":{"line":296,"column":232}},"296":{"start":{"line":297,"column":0},"end":{"line":297,"column":1}},"298":{"start":{"line":299,"column":0},"end":{"line":299,"column":102}},"299":{"start":{"line":300,"column":0},"end":{"line":300,"column":204}},"300":{"start":{"line":301,"column":0},"end":{"line":301,"column":14}},"301":{"start":{"line":302,"column":0},"end":{"line":302,"column":1}},"306":{"start":{"line":307,"column":0},"end":{"line":307,"column":113}},"307":{"start":{"line":308,"column":0},"end":{"line":308,"column":25}},"308":{"start":{"line":309,"column":0},"end":{"line":309,"column":158}},"309":{"start":{"line":310,"column":0},"end":{"line":310,"column":39}},"310":{"start":{"line":311,"column":0},"end":{"line":311,"column":1}},"312":{"start":{"line":313,"column":0},"end":{"line":313,"column":96}},"313":{"start":{"line":314,"column":0},"end":{"line":314,"column":151}},"314":{"start":{"line":315,"column":0},"end":{"line":315,"column":119}},"315":{"start":{"line":316,"column":0},"end":{"line":316,"column":1}},"319":{"start":{"line":320,"column":0},"end":{"line":320,"column":123}},"320":{"start":{"line":321,"column":0},"end":{"line":321,"column":25}},"321":{"start":{"line":322,"column":0},"end":{"line":322,"column":167}},"322":{"start":{"line":323,"column":0},"end":{"line":323,"column":39}},"323":{"start":{"line":324,"column":0},"end":{"line":324,"column":1}}},"s":{"1":1,"10":1,"11":4,"12":4,"13":4,"15":1,"16":1,"17":1,"19":1,"20":2,"21":2,"22":2,"26":1,"27":20,"28":20,"29":20,"30":20,"32":1,"33":35,"34":35,"36":1,"37":5,"38":3,"39":3,"41":1,"42":2,"43":2,"44":2,"45":2,"46":3,"47":3,"48":2,"49":2,"50":2,"51":2,"52":2,"54":1,"55":3,"56":3,"57":3,"61":1,"62":9,"63":9,"64":9,"65":9,"66":9,"67":9,"69":1,"70":11,"71":11,"73":1,"74":3,"75":3,"76":3,"77":2,"78":2,"79":2,"80":3,"81":3,"82":3,"83":3,"85":1,"86":0,"87":0,"88":0,"89":0,"90":0,"91":0,"92":0,"93":0,"94":0,"95":0,"96":0,"98":1,"99":0,"100":0,"101":0,"105":1,"107":1,"108":59,"109":59,"110":59,"111":59,"112":59,"114":1,"115":113,"116":113,"118":1,"120":1,"121":35,"122":35,"123":35,"124":77,"125":77,"126":35,"127":35,"128":35,"129":35,"130":35,"131":35,"133":1,"134":3,"135":3,"136":3,"137":1,"138":1,"139":1,"140":1,"141":3,"142":3,"143":3,"144":3,"145":3,"146":3,"148":1,"149":3,"150":3,"152":1,"153":2,"154":2,"155":2,"159":1,"160":10,"161":10,"162":10,"163":10,"164":10,"166":1,"167":4,"168":4,"169":4,"171":1,"172":19,"173":19,"175":1,"176":2,"177":2,"179":1,"180":0,"181":0,"185":1,"186":3,"187":3,"188":3,"189":3,"191":1,"192":3,"193":1,"194":1,"198":1,"199":15,"200":15,"201":15,"202":15,"204":1,"205":5,"206":5,"208":1,"209":5,"210":5,"211":5,"212":5,"213":5,"214":5,"215":5,"216":5,"218":1,"219":1,"220":1,"221":1,"222":1,"223":2,"224":2,"225":1,"226":1,"227":1,"228":1,"229":1,"230":1,"232":1,"233":1,"234":1,"238":1,"239":34,"240":34,"241":34,"242":34,"244":1,"245":2,"246":2,"247":2,"248":2,"249":2,"250":2,"251":2,"255":1,"256":1,"257":1,"258":1,"259":1,"261":1,"262":0,"263":0,"264":0,"268":1,"269":1,"270":1,"271":1,"272":1,"274":1,"275":1,"276":1,"278":1,"279":1,"280":1,"282":1,"283":0,"284":0,"288":1,"289":3,"290":3,"291":3,"292":3,"294":1,"295":2,"296":2,"298":1,"299":1,"300":1,"301":1,"306":1,"307":12,"308":12,"309":12,"310":12,"312":1,"313":3,"314":2,"315":2,"319":1,"320":0,"321":0,"322":0,"323":0},"branchMap":{"0":{"type":"branch","line":11,"loc":{"start":{"line":11,"column":7},"end":{"line":14,"column":1}},"locations":[{"start":{"line":11,"column":7},"end":{"line":14,"column":1}}]},"1":{"type":"branch","line":13,"loc":{"start":{"line":13,"column":9},"end":{"line":13,"column":19}},"locations":[{"start":{"line":13,"column":9},"end":{"line":13,"column":19}}]},"2":{"type":"branch","line":16,"loc":{"start":{"line":16,"column":7},"end":{"line":18,"column":1}},"locations":[{"start":{"line":16,"column":7},"end":{"line":18,"column":1}}]},"3":{"type":"branch","line":20,"loc":{"start":{"line":20,"column":7},"end":{"line":23,"column":1}},"locations":[{"start":{"line":20,"column":7},"end":{"line":23,"column":1}}]},"4":{"type":"branch","line":27,"loc":{"start":{"line":27,"column":7},"end":{"line":31,"column":1}},"locations":[{"start":{"line":27,"column":7},"end":{"line":31,"column":1}}]},"5":{"type":"branch","line":29,"loc":{"start":{"line":29,"column":144},"end":{"line":29,"column":165}},"locations":[{"start":{"line":29,"column":144},"end":{"line":29,"column":165}}]},"6":{"type":"branch","line":33,"loc":{"start":{"line":33,"column":7},"end":{"line":35,"column":1}},"locations":[{"start":{"line":33,"column":7},"end":{"line":35,"column":1}}]},"7":{"type":"branch","line":37,"loc":{"start":{"line":37,"column":7},"end":{"line":40,"column":1}},"locations":[{"start":{"line":37,"column":7},"end":{"line":40,"column":1}}]},"8":{"type":"branch","line":38,"loc":{"start":{"line":38,"column":14},"end":{"line":40,"column":1}},"locations":[{"start":{"line":38,"column":14},"end":{"line":40,"column":1}}]},"9":{"type":"branch","line":38,"loc":{"start":{"line":38,"column":14},"end":{"line":38,"column":124}},"locations":[{"start":{"line":38,"column":14},"end":{"line":38,"column":124}}]},"10":{"type":"branch","line":42,"loc":{"start":{"line":42,"column":7},"end":{"line":53,"column":1}},"locations":[{"start":{"line":42,"column":7},"end":{"line":53,"column":1}}]},"11":{"type":"branch","line":46,"loc":{"start":{"line":46,"column":47},"end":{"line":48,"column":3}},"locations":[{"start":{"line":46,"column":47},"end":{"line":48,"column":3}}]},"12":{"type":"branch","line":49,"loc":{"start":{"line":49,"column":20},"end":{"line":49,"column":47}},"locations":[{"start":{"line":49,"column":20},"end":{"line":49,"column":47}}]},"13":{"type":"branch","line":55,"loc":{"start":{"line":55,"column":7},"end":{"line":58,"column":1}},"locations":[{"start":{"line":55,"column":7},"end":{"line":58,"column":1}}]},"14":{"type":"branch","line":62,"loc":{"start":{"line":62,"column":7},"end":{"line":68,"column":1}},"locations":[{"start":{"line":62,"column":7},"end":{"line":68,"column":1}}]},"15":{"type":"branch","line":64,"loc":{"start":{"line":64,"column":13},"end":{"line":64,"column":60}},"locations":[{"start":{"line":64,"column":13},"end":{"line":64,"column":60}}]},"16":{"type":"branch","line":66,"loc":{"start":{"line":66,"column":136},"end":{"line":66,"column":157}},"locations":[{"start":{"line":66,"column":136},"end":{"line":66,"column":157}}]},"17":{"type":"branch","line":70,"loc":{"start":{"line":70,"column":7},"end":{"line":72,"column":1}},"locations":[{"start":{"line":70,"column":7},"end":{"line":72,"column":1}}]},"18":{"type":"branch","line":74,"loc":{"start":{"line":74,"column":7},"end":{"line":84,"column":1}},"locations":[{"start":{"line":74,"column":7},"end":{"line":84,"column":1}}]},"19":{"type":"branch","line":77,"loc":{"start":{"line":77,"column":21},"end":{"line":80,"column":3}},"locations":[{"start":{"line":77,"column":21},"end":{"line":80,"column":3}}]},"20":{"type":"branch","line":81,"loc":{"start":{"line":81,"column":23},"end":{"line":81,"column":83}},"locations":[{"start":{"line":81,"column":23},"end":{"line":81,"column":83}}]},"21":{"type":"branch","line":82,"loc":{"start":{"line":82,"column":27},"end":{"line":82,"column":74}},"locations":[{"start":{"line":82,"column":27},"end":{"line":82,"column":74}}]},"22":{"type":"branch","line":82,"loc":{"start":{"line":82,"column":70},"end":{"line":82,"column":76}},"locations":[{"start":{"line":82,"column":70},"end":{"line":82,"column":76}}]},"23":{"type":"branch","line":108,"loc":{"start":{"line":108,"column":7},"end":{"line":113,"column":1}},"locations":[{"start":{"line":108,"column":7},"end":{"line":113,"column":1}}]},"24":{"type":"branch","line":110,"loc":{"start":{"line":110,"column":12},"end":{"line":110,"column":24}},"locations":[{"start":{"line":110,"column":12},"end":{"line":110,"column":24}}]},"25":{"type":"branch","line":111,"loc":{"start":{"line":111,"column":35},"end":{"line":111,"column":53}},"locations":[{"start":{"line":111,"column":35},"end":{"line":111,"column":53}}]},"26":{"type":"branch","line":111,"loc":{"start":{"line":111,"column":74},"end":{"line":111,"column":89}},"locations":[{"start":{"line":111,"column":74},"end":{"line":111,"column":89}}]},"27":{"type":"branch","line":111,"loc":{"start":{"line":111,"column":91},"end":{"line":111,"column":111}},"locations":[{"start":{"line":111,"column":91},"end":{"line":111,"column":111}}]},"28":{"type":"branch","line":111,"loc":{"start":{"line":111,"column":113},"end":{"line":111,"column":127}},"locations":[{"start":{"line":111,"column":113},"end":{"line":111,"column":127}}]},"29":{"type":"branch","line":111,"loc":{"start":{"line":111,"column":129},"end":{"line":111,"column":143}},"locations":[{"start":{"line":111,"column":129},"end":{"line":111,"column":143}}]},"30":{"type":"branch","line":111,"loc":{"start":{"line":111,"column":145},"end":{"line":111,"column":174}},"locations":[{"start":{"line":111,"column":145},"end":{"line":111,"column":174}}]},"31":{"type":"branch","line":111,"loc":{"start":{"line":111,"column":230},"end":{"line":111,"column":244}},"locations":[{"start":{"line":111,"column":230},"end":{"line":111,"column":244}}]},"32":{"type":"branch","line":112,"loc":{"start":{"line":112,"column":98},"end":{"line":112,"column":107}},"locations":[{"start":{"line":112,"column":98},"end":{"line":112,"column":107}}]},"33":{"type":"branch","line":115,"loc":{"start":{"line":115,"column":7},"end":{"line":117,"column":1}},"locations":[{"start":{"line":115,"column":7},"end":{"line":117,"column":1}}]},"34":{"type":"branch","line":121,"loc":{"start":{"line":121,"column":7},"end":{"line":132,"column":1}},"locations":[{"start":{"line":121,"column":7},"end":{"line":132,"column":1}}]},"35":{"type":"branch","line":124,"loc":{"start":{"line":124,"column":47},"end":{"line":126,"column":3}},"locations":[{"start":{"line":124,"column":47},"end":{"line":126,"column":3}}]},"36":{"type":"branch","line":125,"loc":{"start":{"line":125,"column":35},"end":{"line":125,"column":74}},"locations":[{"start":{"line":125,"column":35},"end":{"line":125,"column":74}}]},"37":{"type":"branch","line":127,"loc":{"start":{"line":127,"column":20},"end":{"line":127,"column":26}},"locations":[{"start":{"line":127,"column":20},"end":{"line":127,"column":26}}]},"38":{"type":"branch","line":134,"loc":{"start":{"line":134,"column":7},"end":{"line":147,"column":1}},"locations":[{"start":{"line":134,"column":7},"end":{"line":147,"column":1}}]},"39":{"type":"branch","line":137,"loc":{"start":{"line":137,"column":23},"end":{"line":141,"column":3}},"locations":[{"start":{"line":137,"column":23},"end":{"line":141,"column":3}}]},"40":{"type":"branch","line":142,"loc":{"start":{"line":142,"column":22},"end":{"line":142,"column":121}},"locations":[{"start":{"line":142,"column":22},"end":{"line":142,"column":121}}]},"41":{"type":"branch","line":143,"loc":{"start":{"line":143,"column":21},"end":{"line":143,"column":159}},"locations":[{"start":{"line":143,"column":21},"end":{"line":143,"column":159}}]},"42":{"type":"branch","line":144,"loc":{"start":{"line":144,"column":21},"end":{"line":144,"column":77}},"locations":[{"start":{"line":144,"column":21},"end":{"line":144,"column":77}}]},"43":{"type":"branch","line":145,"loc":{"start":{"line":145,"column":22},"end":{"line":145,"column":80}},"locations":[{"start":{"line":145,"column":22},"end":{"line":145,"column":80}}]},"44":{"type":"branch","line":138,"loc":{"start":{"line":138,"column":51},"end":{"line":138,"column":64}},"locations":[{"start":{"line":138,"column":51},"end":{"line":138,"column":64}}]},"45":{"type":"branch","line":139,"loc":{"start":{"line":139,"column":47},"end":{"line":139,"column":56}},"locations":[{"start":{"line":139,"column":47},"end":{"line":139,"column":56}}]},"46":{"type":"branch","line":149,"loc":{"start":{"line":149,"column":7},"end":{"line":151,"column":1}},"locations":[{"start":{"line":149,"column":7},"end":{"line":151,"column":1}}]},"47":{"type":"branch","line":153,"loc":{"start":{"line":153,"column":7},"end":{"line":156,"column":1}},"locations":[{"start":{"line":153,"column":7},"end":{"line":156,"column":1}}]},"48":{"type":"branch","line":154,"loc":{"start":{"line":154,"column":15},"end":{"line":154,"column":218}},"locations":[{"start":{"line":154,"column":15},"end":{"line":154,"column":218}}]},"49":{"type":"branch","line":160,"loc":{"start":{"line":160,"column":7},"end":{"line":165,"column":1}},"locations":[{"start":{"line":160,"column":7},"end":{"line":165,"column":1}}]},"50":{"type":"branch","line":167,"loc":{"start":{"line":167,"column":7},"end":{"line":170,"column":1}},"locations":[{"start":{"line":167,"column":7},"end":{"line":170,"column":1}}]},"51":{"type":"branch","line":172,"loc":{"start":{"line":172,"column":7},"end":{"line":174,"column":1}},"locations":[{"start":{"line":172,"column":7},"end":{"line":174,"column":1}}]},"52":{"type":"branch","line":176,"loc":{"start":{"line":176,"column":7},"end":{"line":178,"column":1}},"locations":[{"start":{"line":176,"column":7},"end":{"line":178,"column":1}}]},"53":{"type":"branch","line":186,"loc":{"start":{"line":186,"column":7},"end":{"line":190,"column":1}},"locations":[{"start":{"line":186,"column":7},"end":{"line":190,"column":1}}]},"54":{"type":"branch","line":188,"loc":{"start":{"line":188,"column":120},"end":{"line":188,"column":138}},"locations":[{"start":{"line":188,"column":120},"end":{"line":188,"column":138}}]},"55":{"type":"branch","line":188,"loc":{"start":{"line":188,"column":138},"end":{"line":188,"column":157}},"locations":[{"start":{"line":188,"column":138},"end":{"line":188,"column":157}}]},"56":{"type":"branch","line":192,"loc":{"start":{"line":192,"column":7},"end":{"line":195,"column":1}},"locations":[{"start":{"line":192,"column":7},"end":{"line":195,"column":1}}]},"57":{"type":"branch","line":193,"loc":{"start":{"line":193,"column":16},"end":{"line":195,"column":1}},"locations":[{"start":{"line":193,"column":16},"end":{"line":195,"column":1}}]},"58":{"type":"branch","line":193,"loc":{"start":{"line":193,"column":121},"end":{"line":195,"column":1}},"locations":[{"start":{"line":193,"column":121},"end":{"line":195,"column":1}}]},"59":{"type":"branch","line":199,"loc":{"start":{"line":199,"column":7},"end":{"line":203,"column":1}},"locations":[{"start":{"line":199,"column":7},"end":{"line":203,"column":1}}]},"60":{"type":"branch","line":201,"loc":{"start":{"line":201,"column":172},"end":{"line":201,"column":186}},"locations":[{"start":{"line":201,"column":172},"end":{"line":201,"column":186}}]},"61":{"type":"branch","line":201,"loc":{"start":{"line":201,"column":186},"end":{"line":201,"column":204}},"locations":[{"start":{"line":201,"column":186},"end":{"line":201,"column":204}}]},"62":{"type":"branch","line":205,"loc":{"start":{"line":205,"column":7},"end":{"line":207,"column":1}},"locations":[{"start":{"line":205,"column":7},"end":{"line":207,"column":1}}]},"63":{"type":"branch","line":209,"loc":{"start":{"line":209,"column":7},"end":{"line":217,"column":1}},"locations":[{"start":{"line":209,"column":7},"end":{"line":217,"column":1}}]},"64":{"type":"branch","line":212,"loc":{"start":{"line":212,"column":6},"end":{"line":212,"column":21}},"locations":[{"start":{"line":212,"column":6},"end":{"line":212,"column":21}}]},"65":{"type":"branch","line":212,"loc":{"start":{"line":212,"column":21},"end":{"line":212,"column":77}},"locations":[{"start":{"line":212,"column":21},"end":{"line":212,"column":77}}]},"66":{"type":"branch","line":213,"loc":{"start":{"line":213,"column":6},"end":{"line":213,"column":25}},"locations":[{"start":{"line":213,"column":6},"end":{"line":213,"column":25}}]},"67":{"type":"branch","line":213,"loc":{"start":{"line":213,"column":25},"end":{"line":213,"column":90}},"locations":[{"start":{"line":213,"column":25},"end":{"line":213,"column":90}}]},"68":{"type":"branch","line":214,"loc":{"start":{"line":214,"column":7},"end":{"line":214,"column":26}},"locations":[{"start":{"line":214,"column":7},"end":{"line":214,"column":26}}]},"69":{"type":"branch","line":215,"loc":{"start":{"line":215,"column":70},"end":{"line":215,"column":76}},"locations":[{"start":{"line":215,"column":70},"end":{"line":215,"column":76}}]},"70":{"type":"branch","line":219,"loc":{"start":{"line":219,"column":7},"end":{"line":231,"column":1}},"locations":[{"start":{"line":219,"column":7},"end":{"line":231,"column":1}}]},"71":{"type":"branch","line":223,"loc":{"start":{"line":223,"column":47},"end":{"line":225,"column":3}},"locations":[{"start":{"line":223,"column":47},"end":{"line":225,"column":3}}]},"72":{"type":"branch","line":226,"loc":{"start":{"line":226,"column":20},"end":{"line":226,"column":26}},"locations":[{"start":{"line":226,"column":20},"end":{"line":226,"column":26}}]},"73":{"type":"branch","line":233,"loc":{"start":{"line":233,"column":7},"end":{"line":235,"column":1}},"locations":[{"start":{"line":233,"column":7},"end":{"line":235,"column":1}}]},"74":{"type":"branch","line":239,"loc":{"start":{"line":239,"column":7},"end":{"line":243,"column":1}},"locations":[{"start":{"line":239,"column":7},"end":{"line":243,"column":1}}]},"75":{"type":"branch","line":241,"loc":{"start":{"line":241,"column":174},"end":{"line":241,"column":189}},"locations":[{"start":{"line":241,"column":174},"end":{"line":241,"column":189}}]},"76":{"type":"branch","line":241,"loc":{"start":{"line":241,"column":189},"end":{"line":241,"column":206}},"locations":[{"start":{"line":241,"column":189},"end":{"line":241,"column":206}}]},"77":{"type":"branch","line":245,"loc":{"start":{"line":245,"column":7},"end":{"line":252,"column":1}},"locations":[{"start":{"line":245,"column":7},"end":{"line":252,"column":1}}]},"78":{"type":"branch","line":248,"loc":{"start":{"line":248,"column":18},"end":{"line":248,"column":79}},"locations":[{"start":{"line":248,"column":18},"end":{"line":248,"column":79}}]},"79":{"type":"branch","line":249,"loc":{"start":{"line":249,"column":16},"end":{"line":249,"column":73}},"locations":[{"start":{"line":249,"column":16},"end":{"line":249,"column":73}}]},"80":{"type":"branch","line":250,"loc":{"start":{"line":250,"column":27},"end":{"line":250,"column":74}},"locations":[{"start":{"line":250,"column":27},"end":{"line":250,"column":74}}]},"81":{"type":"branch","line":250,"loc":{"start":{"line":250,"column":70},"end":{"line":250,"column":76}},"locations":[{"start":{"line":250,"column":70},"end":{"line":250,"column":76}}]},"82":{"type":"branch","line":256,"loc":{"start":{"line":256,"column":7},"end":{"line":260,"column":1}},"locations":[{"start":{"line":256,"column":7},"end":{"line":260,"column":1}}]},"83":{"type":"branch","line":258,"loc":{"start":{"line":258,"column":152},"end":{"line":258,"column":170}},"locations":[{"start":{"line":258,"column":152},"end":{"line":258,"column":170}}]},"84":{"type":"branch","line":269,"loc":{"start":{"line":269,"column":7},"end":{"line":273,"column":1}},"locations":[{"start":{"line":269,"column":7},"end":{"line":273,"column":1}}]},"85":{"type":"branch","line":271,"loc":{"start":{"line":271,"column":128},"end":{"line":271,"column":149}},"locations":[{"start":{"line":271,"column":128},"end":{"line":271,"column":149}}]},"86":{"type":"branch","line":275,"loc":{"start":{"line":275,"column":7},"end":{"line":277,"column":1}},"locations":[{"start":{"line":275,"column":7},"end":{"line":277,"column":1}}]},"87":{"type":"branch","line":279,"loc":{"start":{"line":279,"column":7},"end":{"line":281,"column":1}},"locations":[{"start":{"line":279,"column":7},"end":{"line":281,"column":1}}]},"88":{"type":"branch","line":289,"loc":{"start":{"line":289,"column":7},"end":{"line":293,"column":1}},"locations":[{"start":{"line":289,"column":7},"end":{"line":293,"column":1}}]},"89":{"type":"branch","line":291,"loc":{"start":{"line":291,"column":217},"end":{"line":291,"column":234}},"locations":[{"start":{"line":291,"column":217},"end":{"line":291,"column":234}}]},"90":{"type":"branch","line":295,"loc":{"start":{"line":295,"column":7},"end":{"line":297,"column":1}},"locations":[{"start":{"line":295,"column":7},"end":{"line":297,"column":1}}]},"91":{"type":"branch","line":299,"loc":{"start":{"line":299,"column":7},"end":{"line":302,"column":1}},"locations":[{"start":{"line":299,"column":7},"end":{"line":302,"column":1}}]},"92":{"type":"branch","line":307,"loc":{"start":{"line":307,"column":7},"end":{"line":311,"column":1}},"locations":[{"start":{"line":307,"column":7},"end":{"line":311,"column":1}}]},"93":{"type":"branch","line":309,"loc":{"start":{"line":309,"column":139},"end":{"line":309,"column":154}},"locations":[{"start":{"line":309,"column":139},"end":{"line":309,"column":154}}]},"94":{"type":"branch","line":313,"loc":{"start":{"line":313,"column":7},"end":{"line":316,"column":1}},"locations":[{"start":{"line":313,"column":7},"end":{"line":316,"column":1}}]},"95":{"type":"branch","line":314,"loc":{"start":{"line":314,"column":13},"end":{"line":316,"column":1}},"locations":[{"start":{"line":314,"column":13},"end":{"line":316,"column":1}}]},"96":{"type":"branch","line":314,"loc":{"start":{"line":314,"column":13},"end":{"line":314,"column":151}},"locations":[{"start":{"line":314,"column":13},"end":{"line":314,"column":151}}]}},"b":{"0":[4],"1":[3],"2":[1],"3":[2],"4":[20],"5":[15],"6":[35],"7":[5],"8":[3],"9":[2],"10":[2],"11":[3],"12":[0],"13":[3],"14":[9],"15":[0],"16":[5],"17":[11],"18":[3],"19":[2],"20":[0],"21":[2],"22":[1],"23":[59],"24":[12],"25":[58],"26":[56],"27":[58],"28":[57],"29":[34],"30":[35],"31":[58],"32":[1239],"33":[113],"34":[35],"35":[77],"36":[76],"37":[0],"38":[3],"39":[1],"40":[0],"41":[0],"42":[0],"43":[0],"44":[1],"45":[1],"46":[3],"47":[2],"48":[0],"49":[10],"50":[4],"51":[19],"52":[2],"53":[3],"54":[1],"55":[0],"56":[3],"57":[2],"58":[1],"59":[15],"60":[14],"61":[14],"62":[5],"63":[5],"64":[2],"65":[1],"66":[2],"67":[0],"68":[2],"69":[0],"70":[1],"71":[2],"72":[0],"73":[1],"74":[34],"75":[32],"76":[6],"77":[2],"78":[1],"79":[1],"80":[1],"81":[1],"82":[1],"83":[0],"84":[1],"85":[0],"86":[1],"87":[1],"88":[3],"89":[1],"90":[2],"91":[1],"92":[12],"93":[1],"94":[3],"95":[2],"96":[1]},"fnMap":{"0":{"name":"metaGet","decl":{"start":{"line":11,"column":7},"end":{"line":14,"column":1}},"loc":{"start":{"line":11,"column":7},"end":{"line":14,"column":1}},"line":11},"1":{"name":"metaSet","decl":{"start":{"line":16,"column":7},"end":{"line":18,"column":1}},"loc":{"start":{"line":16,"column":7},"end":{"line":18,"column":1}},"line":16},"2":{"name":"metaIncrement","decl":{"start":{"line":20,"column":7},"end":{"line":23,"column":1}},"loc":{"start":{"line":20,"column":7},"end":{"line":23,"column":1}},"line":20},"3":{"name":"epicAdd","decl":{"start":{"line":27,"column":7},"end":{"line":31,"column":1}},"loc":{"start":{"line":27,"column":7},"end":{"line":31,"column":1}},"line":27},"4":{"name":"epicGet","decl":{"start":{"line":33,"column":7},"end":{"line":35,"column":1}},"loc":{"start":{"line":33,"column":7},"end":{"line":35,"column":1}},"line":33},"5":{"name":"epicList","decl":{"start":{"line":37,"column":7},"end":{"line":40,"column":1}},"loc":{"start":{"line":37,"column":7},"end":{"line":40,"column":1}},"line":37},"6":{"name":"epicUpdate","decl":{"start":{"line":42,"column":7},"end":{"line":53,"column":1}},"loc":{"start":{"line":42,"column":7},"end":{"line":53,"column":1}},"line":42},"7":{"name":"epicDelete","decl":{"start":{"line":55,"column":7},"end":{"line":58,"column":1}},"loc":{"start":{"line":55,"column":7},"end":{"line":58,"column":1}},"line":55},"8":{"name":"storyAdd","decl":{"start":{"line":62,"column":7},"end":{"line":68,"column":1}},"loc":{"start":{"line":62,"column":7},"end":{"line":68,"column":1}},"line":62},"9":{"name":"storyGet","decl":{"start":{"line":70,"column":7},"end":{"line":72,"column":1}},"loc":{"start":{"line":70,"column":7},"end":{"line":72,"column":1}},"line":70},"10":{"name":"storyList","decl":{"start":{"line":74,"column":7},"end":{"line":84,"column":1}},"loc":{"start":{"line":74,"column":7},"end":{"line":84,"column":1}},"line":74},"11":{"name":"storyUpdate","decl":{"start":{"line":86,"column":7},"end":{"line":97,"column":1}},"loc":{"start":{"line":86,"column":7},"end":{"line":97,"column":1}},"line":86},"12":{"name":"storyDelete","decl":{"start":{"line":99,"column":7},"end":{"line":102,"column":1}},"loc":{"start":{"line":99,"column":7},"end":{"line":102,"column":1}},"line":99},"13":{"name":"taskAdd","decl":{"start":{"line":108,"column":7},"end":{"line":113,"column":1}},"loc":{"start":{"line":108,"column":7},"end":{"line":113,"column":1}},"line":108},"14":{"name":"taskGet","decl":{"start":{"line":115,"column":7},"end":{"line":117,"column":1}},"loc":{"start":{"line":115,"column":7},"end":{"line":117,"column":1}},"line":115},"15":{"name":"taskUpdate","decl":{"start":{"line":121,"column":7},"end":{"line":132,"column":1}},"loc":{"start":{"line":121,"column":7},"end":{"line":132,"column":1}},"line":121},"16":{"name":"taskList","decl":{"start":{"line":134,"column":7},"end":{"line":147,"column":1}},"loc":{"start":{"line":134,"column":7},"end":{"line":147,"column":1}},"line":134},"17":{"name":"taskDelete","decl":{"start":{"line":149,"column":7},"end":{"line":151,"column":1}},"loc":{"start":{"line":149,"column":7},"end":{"line":151,"column":1}},"line":149},"18":{"name":"taskNext","decl":{"start":{"line":153,"column":7},"end":{"line":156,"column":1}},"loc":{"start":{"line":153,"column":7},"end":{"line":156,"column":1}},"line":153},"19":{"name":"sessionStart","decl":{"start":{"line":160,"column":7},"end":{"line":165,"column":1}},"loc":{"start":{"line":160,"column":7},"end":{"line":165,"column":1}},"line":160},"20":{"name":"sessionEnd","decl":{"start":{"line":167,"column":7},"end":{"line":170,"column":1}},"loc":{"start":{"line":167,"column":7},"end":{"line":170,"column":1}},"line":167},"21":{"name":"sessionCurrent","decl":{"start":{"line":172,"column":7},"end":{"line":174,"column":1}},"loc":{"start":{"line":172,"column":7},"end":{"line":174,"column":1}},"line":172},"22":{"name":"sessionList","decl":{"start":{"line":176,"column":7},"end":{"line":178,"column":1}},"loc":{"start":{"line":176,"column":7},"end":{"line":178,"column":1}},"line":176},"23":{"name":"sessionGet","decl":{"start":{"line":180,"column":7},"end":{"line":182,"column":1}},"loc":{"start":{"line":180,"column":7},"end":{"line":182,"column":1}},"line":180},"24":{"name":"decisionAdd","decl":{"start":{"line":186,"column":7},"end":{"line":190,"column":1}},"loc":{"start":{"line":186,"column":7},"end":{"line":190,"column":1}},"line":186},"25":{"name":"decisionList","decl":{"start":{"line":192,"column":7},"end":{"line":195,"column":1}},"loc":{"start":{"line":192,"column":7},"end":{"line":195,"column":1}},"line":192},"26":{"name":"memoryAdd","decl":{"start":{"line":199,"column":7},"end":{"line":203,"column":1}},"loc":{"start":{"line":199,"column":7},"end":{"line":203,"column":1}},"line":199},"27":{"name":"memoryGet","decl":{"start":{"line":205,"column":7},"end":{"line":207,"column":1}},"loc":{"start":{"line":205,"column":7},"end":{"line":207,"column":1}},"line":205},"28":{"name":"memoryList","decl":{"start":{"line":209,"column":7},"end":{"line":217,"column":1}},"loc":{"start":{"line":209,"column":7},"end":{"line":217,"column":1}},"line":209},"29":{"name":"memoryUpdate","decl":{"start":{"line":219,"column":7},"end":{"line":231,"column":1}},"loc":{"start":{"line":219,"column":7},"end":{"line":231,"column":1}},"line":219},"30":{"name":"memoryDelete","decl":{"start":{"line":233,"column":7},"end":{"line":235,"column":1}},"loc":{"start":{"line":233,"column":7},"end":{"line":235,"column":1}},"line":233},"31":{"name":"eventAdd","decl":{"start":{"line":239,"column":7},"end":{"line":243,"column":1}},"loc":{"start":{"line":239,"column":7},"end":{"line":243,"column":1}},"line":239},"32":{"name":"eventList","decl":{"start":{"line":245,"column":7},"end":{"line":252,"column":1}},"loc":{"start":{"line":245,"column":7},"end":{"line":252,"column":1}},"line":245},"33":{"name":"explorationAdd","decl":{"start":{"line":256,"column":7},"end":{"line":260,"column":1}},"loc":{"start":{"line":256,"column":7},"end":{"line":260,"column":1}},"line":256},"34":{"name":"explorationList","decl":{"start":{"line":262,"column":7},"end":{"line":265,"column":1}},"loc":{"start":{"line":262,"column":7},"end":{"line":265,"column":1}},"line":262},"35":{"name":"roleAdd","decl":{"start":{"line":269,"column":7},"end":{"line":273,"column":1}},"loc":{"start":{"line":269,"column":7},"end":{"line":273,"column":1}},"line":269},"36":{"name":"roleGet","decl":{"start":{"line":275,"column":7},"end":{"line":277,"column":1}},"loc":{"start":{"line":275,"column":7},"end":{"line":277,"column":1}},"line":275},"37":{"name":"roleList","decl":{"start":{"line":279,"column":7},"end":{"line":281,"column":1}},"loc":{"start":{"line":279,"column":7},"end":{"line":281,"column":1}},"line":279},"38":{"name":"roleDelete","decl":{"start":{"line":283,"column":7},"end":{"line":285,"column":1}},"loc":{"start":{"line":283,"column":7},"end":{"line":285,"column":1}},"line":283},"39":{"name":"verificationRunAdd","decl":{"start":{"line":289,"column":7},"end":{"line":293,"column":1}},"loc":{"start":{"line":289,"column":7},"end":{"line":293,"column":1}},"line":289},"40":{"name":"verificationRunRecent","decl":{"start":{"line":295,"column":7},"end":{"line":297,"column":1}},"loc":{"start":{"line":295,"column":7},"end":{"line":297,"column":1}},"line":295},"41":{"name":"hasRecentVerification","decl":{"start":{"line":299,"column":7},"end":{"line":302,"column":1}},"loc":{"start":{"line":299,"column":7},"end":{"line":302,"column":1}},"line":299},"42":{"name":"taskLogAdd","decl":{"start":{"line":307,"column":7},"end":{"line":311,"column":1}},"loc":{"start":{"line":307,"column":7},"end":{"line":311,"column":1}},"line":307},"43":{"name":"taskLogList","decl":{"start":{"line":313,"column":7},"end":{"line":316,"column":1}},"loc":{"start":{"line":313,"column":7},"end":{"line":316,"column":1}},"line":313},"44":{"name":"reasoningStepAdd","decl":{"start":{"line":320,"column":7},"end":{"line":324,"column":1}},"loc":{"start":{"line":320,"column":7},"end":{"line":324,"column":1}},"line":320}},"f":{"0":4,"1":1,"2":2,"3":20,"4":35,"5":5,"6":2,"7":3,"8":9,"9":11,"10":3,"11":0,"12":0,"13":59,"14":113,"15":35,"16":3,"17":3,"18":2,"19":10,"20":4,"21":19,"22":2,"23":0,"24":3,"25":3,"26":15,"27":5,"28":5,"29":1,"30":1,"31":34,"32":2,"33":1,"34":0,"35":1,"36":1,"37":1,"38":0,"39":3,"40":2,"41":1,"42":12,"43":3,"44":0}}
,"/run/media/ldco/3734114f-7123-41f5-8f63-7f43c94879eb/NEW_ORDER/FABRICA22/nutausik-js/packages/nutausik/src/backend/fts.ts": {"path":"/run/media/ldco/3734114f-7123-41f5-8f63-7f43c94879eb/NEW_ORDER/FABRICA22/nutausik-js/packages/nutausik/src/backend/fts.ts","all":false,"statementMap":{"10":{"start":{"line":11,"column":0},"end":{"line":11,"column":86}},"11":{"start":{"line":12,"column":0},"end":{"line":12,"column":58}},"12":{"start":{"line":13,"column":0},"end":{"line":13,"column":27}},"14":{"start":{"line":15,"column":0},"end":{"line":15,"column":33}},"16":{"start":{"line":17,"column":0},"end":{"line":17,"column":33}},"17":{"start":{"line":18,"column":0},"end":{"line":18,"column":97}},"18":{"start":{"line":19,"column":0},"end":{"line":19,"column":97}},"19":{"start":{"line":20,"column":0},"end":{"line":20,"column":29}},"20":{"start":{"line":21,"column":0},"end":{"line":21,"column":110}},"21":{"start":{"line":22,"column":0},"end":{"line":22,"column":3}},"23":{"start":{"line":24,"column":0},"end":{"line":24,"column":32}},"24":{"start":{"line":25,"column":0},"end":{"line":25,"column":96}},"25":{"start":{"line":26,"column":0},"end":{"line":26,"column":79}},"26":{"start":{"line":27,"column":0},"end":{"line":27,"column":28}},"27":{"start":{"line":28,"column":0},"end":{"line":28,"column":87}},"28":{"start":{"line":29,"column":0},"end":{"line":29,"column":3}},"30":{"start":{"line":31,"column":0},"end":{"line":31,"column":32}},"31":{"start":{"line":32,"column":0},"end":{"line":32,"column":107}},"32":{"start":{"line":33,"column":0},"end":{"line":33,"column":91}},"33":{"start":{"line":34,"column":0},"end":{"line":34,"column":28}},"34":{"start":{"line":35,"column":0},"end":{"line":35,"column":108}},"35":{"start":{"line":36,"column":0},"end":{"line":36,"column":3}},"37":{"start":{"line":38,"column":0},"end":{"line":38,"column":64}},"38":{"start":{"line":39,"column":0},"end":{"line":39,"column":1}}},"s":{"10":1,"11":9,"12":9,"14":7,"16":7,"17":7,"18":7,"19":9,"20":2,"21":2,"23":7,"24":7,"25":7,"26":9,"27":3,"28":3,"30":7,"31":7,"32":7,"33":9,"34":0,"35":0,"37":7,"38":7},"branchMap":{"0":{"type":"branch","line":11,"loc":{"start":{"line":11,"column":7},"end":{"line":39,"column":1}},"locations":[{"start":{"line":11,"column":7},"end":{"line":39,"column":1}}]},"1":{"type":"branch","line":13,"loc":{"start":{"line":13,"column":18},"end":{"line":20,"column":28}},"locations":[{"start":{"line":13,"column":18},"end":{"line":20,"column":28}}]},"2":{"type":"branch","line":13,"loc":{"start":{"line":13,"column":18},"end":{"line":13,"column":27}},"locations":[{"start":{"line":13,"column":18},"end":{"line":13,"column":27}}]},"3":{"type":"branch","line":20,"loc":{"start":{"line":20,"column":28},"end":{"line":22,"column":3}},"locations":[{"start":{"line":20,"column":28},"end":{"line":22,"column":3}}]},"4":{"type":"branch","line":21,"loc":{"start":{"line":21,"column":90},"end":{"line":21,"column":108}},"locations":[{"start":{"line":21,"column":90},"end":{"line":21,"column":108}}]},"5":{"type":"branch","line":22,"loc":{"start":{"line":22,"column":2},"end":{"line":27,"column":27}},"locations":[{"start":{"line":22,"column":2},"end":{"line":27,"column":27}}]},"6":{"type":"branch","line":27,"loc":{"start":{"line":27,"column":27},"end":{"line":29,"column":3}},"locations":[{"start":{"line":27,"column":27},"end":{"line":29,"column":3}}]},"7":{"type":"branch","line":29,"loc":{"start":{"line":29,"column":2},"end":{"line":34,"column":27}},"locations":[{"start":{"line":29,"column":2},"end":{"line":34,"column":27}}]},"8":{"type":"branch","line":34,"loc":{"start":{"line":34,"column":27},"end":{"line":36,"column":3}},"locations":[{"start":{"line":34,"column":27},"end":{"line":36,"column":3}}]},"9":{"type":"branch","line":36,"loc":{"start":{"line":36,"column":2},"end":{"line":39,"column":1}},"locations":[{"start":{"line":36,"column":2},"end":{"line":39,"column":1}}]}},"b":{"0":[9],"1":[7],"2":[2],"3":[2],"4":[0],"5":[7],"6":[3],"7":[7],"8":[0],"9":[7]},"fnMap":{"0":{"name":"ftsSearch","decl":{"start":{"line":11,"column":7},"end":{"line":39,"column":1}},"loc":{"start":{"line":11,"column":7},"end":{"line":39,"column":1}},"line":11}},"f":{"0":9}}
,"/run/media/ldco/3734114f-7123-41f5-8f63-7f43c94879eb/NEW_ORDER/FABRICA22/nutausik-js/packages/nutausik/src/backend/graph.ts": {"path":"/run/media/ldco/3734114f-7123-41f5-8f63-7f43c94879eb/NEW_ORDER/FABRICA22/nutausik-js/packages/nutausik/src/backend/graph.ts","all":false,"statementMap":{"1":{"start":{"line":2,"column":0},"end":{"line":2,"column":47}},"4":{"start":{"line":5,"column":0},"end":{"line":5,"column":30}},"5":{"start":{"line":6,"column":0},"end":{"line":6,"column":20}},"6":{"start":{"line":7,"column":0},"end":{"line":7,"column":39}},"7":{"start":{"line":8,"column":0},"end":{"line":8,"column":39}},"8":{"start":{"line":9,"column":0},"end":{"line":9,"column":19}},"9":{"start":{"line":10,"column":0},"end":{"line":10,"column":19}},"10":{"start":{"line":11,"column":0},"end":{"line":11,"column":28}},"11":{"start":{"line":12,"column":0},"end":{"line":12,"column":11}},"12":{"start":{"line":13,"column":0},"end":{"line":13,"column":25}},"13":{"start":{"line":14,"column":0},"end":{"line":14,"column":31}},"14":{"start":{"line":15,"column":0},"end":{"line":15,"column":172}},"15":{"start":{"line":16,"column":0},"end":{"line":16,"column":102}},"16":{"start":{"line":17,"column":0},"end":{"line":17,"column":39}},"17":{"start":{"line":18,"column":0},"end":{"line":18,"column":1}},"19":{"start":{"line":20,"column":0},"end":{"line":20,"column":68}},"20":{"start":{"line":21,"column":0},"end":{"line":21,"column":125}},"21":{"start":{"line":22,"column":0},"end":{"line":22,"column":1}},"23":{"start":{"line":24,"column":0},"end":{"line":24,"column":71}},"24":{"start":{"line":25,"column":0},"end":{"line":25,"column":89}},"25":{"start":{"line":26,"column":0},"end":{"line":26,"column":1}},"27":{"start":{"line":28,"column":0},"end":{"line":28,"column":102}},"28":{"start":{"line":29,"column":0},"end":{"line":29,"column":23}},"29":{"start":{"line":30,"column":0},"end":{"line":30,"column":159}},"30":{"start":{"line":31,"column":0},"end":{"line":31,"column":62}},"31":{"start":{"line":32,"column":0},"end":{"line":32,"column":1}}},"s":{"1":1,"4":1,"5":7,"6":7,"7":7,"8":7,"9":7,"10":7,"11":7,"12":7,"13":7,"14":7,"15":7,"16":7,"17":7,"19":1,"20":5,"21":5,"23":1,"24":2,"25":2,"27":1,"28":2,"29":2,"30":2,"31":2},"branchMap":{"0":{"type":"branch","line":5,"loc":{"start":{"line":5,"column":7},"end":{"line":18,"column":1}},"locations":[{"start":{"line":5,"column":7},"end":{"line":18,"column":1}}]},"1":{"type":"branch","line":20,"loc":{"start":{"line":20,"column":7},"end":{"line":22,"column":1}},"locations":[{"start":{"line":20,"column":7},"end":{"line":22,"column":1}}]},"2":{"type":"branch","line":24,"loc":{"start":{"line":24,"column":7},"end":{"line":26,"column":1}},"locations":[{"start":{"line":24,"column":7},"end":{"line":26,"column":1}}]},"3":{"type":"branch","line":28,"loc":{"start":{"line":28,"column":7},"end":{"line":32,"column":1}},"locations":[{"start":{"line":28,"column":7},"end":{"line":32,"column":1}}]}},"b":{"0":[7],"1":[5],"2":[2],"3":[2]},"fnMap":{"0":{"name":"memoryEdgeAdd","decl":{"start":{"line":5,"column":7},"end":{"line":18,"column":1}},"loc":{"start":{"line":5,"column":7},"end":{"line":18,"column":1}},"line":5},"1":{"name":"memoryEdgeList","decl":{"start":{"line":20,"column":7},"end":{"line":22,"column":1}},"loc":{"start":{"line":20,"column":7},"end":{"line":22,"column":1}},"line":20},"2":{"name":"memoryEdgeDelete","decl":{"start":{"line":24,"column":7},"end":{"line":26,"column":1}},"loc":{"start":{"line":24,"column":7},"end":{"line":26,"column":1}},"line":24},"3":{"name":"memoryEdgesFor","decl":{"start":{"line":28,"column":7},"end":{"line":32,"column":1}},"loc":{"start":{"line":28,"column":7},"end":{"line":32,"column":1}},"line":28}},"f":{"0":7,"1":5,"2":2,"3":2}}
,"/run/media/ldco/3734114f-7123-41f5-8f63-7f43c94879eb/NEW_ORDER/FABRICA22/nutausik-js/packages/nutausik/src/backend/metrics.ts": {"path":"/run/media/ldco/3734114f-7123-41f5-8f63-7f43c94879eb/NEW_ORDER/FABRICA22/nutausik-js/packages/nutausik/src/backend/metrics.ts","all":false,"statementMap":{"12":{"start":{"line":13,"column":0},"end":{"line":13,"column":108}},"13":{"start":{"line":14,"column":0},"end":{"line":14,"column":29}},"14":{"start":{"line":15,"column":0},"end":{"line":15,"column":95}},"15":{"start":{"line":16,"column":0},"end":{"line":16,"column":65}},"17":{"start":{"line":18,"column":0},"end":{"line":18,"column":28}},"19":{"start":{"line":20,"column":0},"end":{"line":20,"column":18}},"20":{"start":{"line":21,"column":0},"end":{"line":21,"column":56}},"21":{"start":{"line":22,"column":0},"end":{"line":22,"column":41}},"22":{"start":{"line":23,"column":0},"end":{"line":23,"column":60}},"23":{"start":{"line":24,"column":0},"end":{"line":24,"column":35}},"24":{"start":{"line":25,"column":0},"end":{"line":25,"column":41}},"25":{"start":{"line":26,"column":0},"end":{"line":26,"column":28}},"26":{"start":{"line":27,"column":0},"end":{"line":27,"column":5}},"27":{"start":{"line":28,"column":0},"end":{"line":28,"column":23}},"28":{"start":{"line":29,"column":0},"end":{"line":29,"column":3}},"29":{"start":{"line":30,"column":0},"end":{"line":30,"column":34}},"30":{"start":{"line":31,"column":0},"end":{"line":31,"column":1}},"32":{"start":{"line":33,"column":0},"end":{"line":33,"column":93}},"33":{"start":{"line":34,"column":0},"end":{"line":34,"column":156}},"34":{"start":{"line":35,"column":0},"end":{"line":35,"column":23}},"36":{"start":{"line":37,"column":0},"end":{"line":37,"column":29}},"37":{"start":{"line":38,"column":0},"end":{"line":38,"column":75}},"38":{"start":{"line":39,"column":0},"end":{"line":39,"column":53}},"40":{"start":{"line":41,"column":0},"end":{"line":41,"column":109}},"44":{"start":{"line":45,"column":0},"end":{"line":45,"column":10}},"45":{"start":{"line":46,"column":0},"end":{"line":46,"column":22}},"46":{"start":{"line":47,"column":0},"end":{"line":47,"column":55}},"47":{"start":{"line":48,"column":0},"end":{"line":48,"column":44}},"48":{"start":{"line":49,"column":0},"end":{"line":49,"column":21}},"49":{"start":{"line":50,"column":0},"end":{"line":50,"column":38}},"50":{"start":{"line":51,"column":0},"end":{"line":51,"column":42}},"51":{"start":{"line":52,"column":0},"end":{"line":52,"column":34}},"52":{"start":{"line":53,"column":0},"end":{"line":53,"column":3}},"53":{"start":{"line":54,"column":0},"end":{"line":54,"column":1}}},"s":{"12":1,"13":1,"14":1,"15":1,"17":1,"19":0,"20":0,"21":0,"22":0,"23":0,"24":0,"25":0,"26":0,"27":0,"28":0,"29":0,"30":0,"32":1,"33":2,"34":2,"36":1,"37":0,"38":1,"40":2,"44":2,"45":2,"46":2,"47":2,"48":2,"49":2,"50":2,"51":2,"52":2,"53":2},"branchMap":{"0"
[...]
:0},"end":{"line":39,"column":37}},"39":{"start":{"line":40,"column":0},"end":{"line":40,"column":14}},"40":{"start":{"line":41,"column":0},"end":{"line":41,"column":13}},"41":{"start":{"line":42,"column":0},"end":{"line":42,"column":18}},"42":{"start":{"line":43,"column":0},"end":{"line":43,"column":17}},"43":{"start":{"line":44,"column":0},"end":{"line":44,"column":13}},"44":{"start":{"line":45,"column":0},"end":{"line":45,"column":12}},"45":{"start":{"line":46,"column":0},"end":{"line":46,"column":11}},"46":{"start":{"line":47,"column":0},"end":{"line":47,"column":19}},"47":{"start":{"line":48,"column":0},"end":{"line":48,"column":11}},"48":{"start":{"line":49,"column":0},"end":{"line":49,"column":1}},"50":{"start":{"line":51,"column":0},"end":{"line":51,"column":34}},"51":{"start":{"line":52,"column":0},"end":{"line":52,"column":12}},"52":{"start":{"line":53,"column":0},"end":{"line":53,"column":11}},"53":{"start":{"line":54,"column":0},"end":{"line":54,"column":12}},"54":{"start":{"line":55,"column":0},"end":{"line":55,"column":15}},"55":{"start":{"line":56,"column":0},"end":{"line":56,"column":15}},"56":{"start":{"line":57,"column":0},"end":{"line":57,"column":14}},"57":{"start":{"line":58,"column":0},"end":{"line":58,"column":15}},"58":{"start":{"line":59,"column":0},"end":{"line":59,"column":15}},"59":{"start":{"line":60,"column":0},"end":{"line":60,"column":14}},"60":{"start":{"line":61,"column":0},"end":{"line":61,"column":15}},"61":{"start":{"line":62,"column":0},"end":{"line":62,"column":15}},"62":{"start":{"line":63,"column":0},"end":{"line":63,"column":14}},"63":{"start":{"line":64,"column":0},"end":{"line":64,"column":15}},"64":{"start":{"line":65,"column":0},"end":{"line":65,"column":11}},"65":{"start":{"line":66,"column":0},"end":{"line":66,"column":17}},"66":{"start":{"line":67,"column":0},"end":{"line":67,"column":15}},"67":{"start":{"line":68,"column":0},"end":{"line":68,"column":15}},"68":{"start":{"line":69,"column":0},"end":{"line":69,"column":19}},"69":{"start":{"line":70,"column":0},"end":{"line":70,"column":19}},"70":{"start":{"line":71,"column":0},"end":{"line":71,"column":16}},"71":{"start":{"line":72,"column":0},"end":{"line":72,"column":16}},"72":{"start":{"line":73,"column":0},"end":{"line":73,"column":12}},"73":{"start":{"line":74,"column":0},"end":{"line":74,"column":12}},"74":{"start":{"line":75,"column":0},"end":{"line":75,"column":13}},"75":{"start":{"line":76,"column":0},"end":{"line":76,"column":11}},"76":{"start":{"line":77,"column":0},"end":{"line":77,"column":8}},"77":{"start":{"line":78,"column":0},"end":{"line":78,"column":16}},"78":{"start":{"line":79,"column":0},"end":{"line":79,"column":17}},"79":{"start":{"line":80,"column":0},"end":{"line":80,"column":22}},"80":{"start":{"line":81,"column":0},"end":{"line":81,"column":22}},"81":{"start":{"line":82,"column":0},"end":{"line":82,"column":12}},"82":{"start":{"line":83,"column":0},"end":{"line":83,"column":16}},"83":{"start":{"line":84,"column":0},"end":{"line":84,"column":18}},"84":{"start":{"line":85,"column":0},"end":{"line":85,"column":16}},"85":{"start":{"line":86,"column":0},"end":{"line":86,"column":18}},"86":{"start":{"line":87,"column":0},"end":{"line":87,"column":17}},"87":{"start":{"line":88,"column":0},"end":{"line":88,"column":17}},"88":{"start":{"line":89,"column":0},"end":{"line":89,"column":14}},"89":{"start":{"line":90,"column":0},"end":{"line":90,"column":13}},"90":{"start":{"line":91,"column":0},"end":{"line":91,"column":1}},"92":{"start":{"line":93,"column":0},"end":{"line":93,"column":37}},"93":{"start":{"line":94,"column":0},"end":{"line":94,"column":13}},"94":{"start":{"line":95,"column":0},"end":{"line":95,"column":9}},"95":{"start":{"line":96,"column":0},"end":{"line":96,"column":19}},"96":{"start":{"line":97,"column":0},"end":{"line":97,"column":18}},"97":{"start":{"line":98,"column":0},"end":{"line":98,"column":12}},"98":{"start":{"line":99,"column":0},"end":{"line":99,"column":13}},"99":{"start":{"line":100,"column":0},"end":{"line":100,"column":15}},"100":{"start":{"line":101,"column":0},"end":{"line":101,"column":10}},"101":{"start":{"line":102,"column":0},"end":{"line":102,"column":15}},"102":{"start":{"line":103,"column":0},"end":{"line":103,"column":9}},"103":{"start":{"line":104,"column":0},"end":{"line":104,"column":8}},"104":{"start":{"line":105,"column":0},"end":{"line":105,"column":12}},"105":{"start":{"line":106,"column":0},"end":{"line":106,"column":8}},"106":{"start":{"line":107,"column":0},"end":{"line":107,"column":9}},"107":{"start":{"line":108,"column":0},"end":{"line":108,"column":9}},"108":{"start":{"line":109,"column":0},"end":{"line":109,"column":14}},"109":{"start":{"line":110,"column":0},"end":{"line":110,"column":8}},"110":{"start":{"line":111,"column":0},"end":{"line":111,"column":11}},"111":{"start":{"line":112,"column":0},"end":{"line":112,"column":8}},"112":{"start":{"line":113,"column":0},"end":{"line":113,"column":16}},"113":{"start":{"line":114,"column":0},"end":{"line":114,"column":8}},"114":{"start":{"line":115,"column":0},"end":{"line":115,"column":9}},"115":{"start":{"line":116,"column":0},"end":{"line":116,"column":11}},"116":{"start":{"line":117,"column":0},"end":{"line":117,"column":18}},"117":{"start":{"line":118,"column":0},"end":{"line":118,"column":12}},"118":{"start":{"line":119,"column":0},"end":{"line":119,"column":10}},"119":{"start":{"line":120,"column":0},"end":{"line":120,"column":15}},"120":{"start":{"line":121,"column":0},"end":{"line":121,"column":1}},"122":{"start":{"line":123,"column":0},"end":{"line":123,"column":59}},"123":{"start":{"line":124,"column":0},"end":{"line":124,"column":63}},"124":{"start":{"line":125,"column":0},"end":{"line":125,"column":52}},"126":{"start":{"line":127,"column":0},"end":{"line":127,"column":51}},"127":{"start":{"line":128,"column":0},"end":{"line":128,"column":42}},"128":{"start":{"line":129,"column":0},"end":{"line":129,"column":43}},"129":{"start":{"line":130,"column":0},"end":{"line":130,"column":3}},"130":{"start":{"line":131,"column":0},"end":{"line":131,"column":45}},"131":{"start":{"line":132,"column":0},"end":{"line":132,"column":47}},"132":{"start":{"line":133,"column":0},"end":{"line":133,"column":3}},"133":{"start":{"line":134,"column":0},"end":{"line":134,"column":39}},"134":{"start":{"line":135,"column":0},"end":{"line":135,"column":56}},"135":{"start":{"line":136,"column":0},"end":{"line":136,"column":3}},"136":{"start":{"line":137,"column":0},"end":{"line":137,"column":14}},"137":{"start":{"line":138,"column":0},"end":{"line":138,"column":1}},"139":{"start":{"line":140,"column":0},"end":{"line":140,"column":36}},"140":{"start":{"line":141,"column":0},"end":{"line":141,"column":19}},"141":{"start":{"line":142,"column":0},"end":{"line":142,"column":18}},"142":{"start":{"line":143,"column":0},"end":{"line":143,"column":12}},"143":{"start":{"line":144,"column":0},"end":{"line":144,"column":43}},"144":{"start":{"line":145,"column":0},"end":{"line":145,"column":38}},"145":{"start":{"line":146,"column":0},"end":{"line":146,"column":10}},"146":{"start":{"line":147,"column":0},"end":{"line":147,"column":31}},"147":{"start":{"line":148,"column":0},"end":{"line":148,"column":35}},"148":{"start":{"line":149,"column":0},"end":{"line":149,"column":29}},"149":{"start":{"line":150,"column":0},"end":{"line":150,"column":32}},"151":{"start":{"line":152,"column":0},"end":{"line":152,"column":1}}},"s":{"0":1,"1":1,"2":1,"3":1,"4":1,"5":1,"6":1,"7":1,"8":1,"9":1,"10":1,"11":1,"12":1,"13":1,"14":1,"15":1,"16":1,"17":1,"18":1,"19":1,"20":1,"21":1,"22":1,"24":1,"25":1,"26":1,"27":1,"28":1,"29":1,"30":1,"31":1,"32":1,"33":1,"34":1,"35":1,"36":1,"38":1,"39":1,"40":1,"41":1,"42":1,"43":1,"44":1,"45":1,"46":1,"47":1,"48":1,"50":1,"51":1,"52":1,"53":1,"54":1,"55":1,"56":1,"57":1,"58":1,"59":1,"60":1,"61":1,"62":1,"63":1,"64":1,"65":1,"66":1,"67":1,"68":1,"69":1,"70":1,"71":1,"72":1,"73":1,"74":1,"75":1,"76":1,"77":1,"78":1,"79":1,"80":1,"81":1,"82":1,"83":1,"84":1,"85":1,"86":1,"87":1,"88":1,"89":1,"90":1,"92":1,"93":1,"94":1,"95":1,"96":1,"97":1,"98":1,"99":1,"100":1,"101":1,"102":1,"103":1,"104":1,"105":1,"106":1,"107":1,"108":1,"109":1,"110":1,"111":1,"112":1,"113":1,"114":1,"115":1,"116":1,"117":1,"118":1,"119":1,"120":1,"122":1,"123":14,"124":14,"126":14,"127":14,"128":89,"129":89,"130":14,"131":72,"132":72,"133":14,"134":312,"135":312,"136":8,"137":8,"139":1,"140":8,"141":8,"142":8,"143":8,"144":6,"145":6,"146":6,"147":5,"148":4,"149":3,"151":8},"branchMap":{"0":{"type":"branch","line":123,"loc":{"start":{"line":123,"column":7},"end":{"line":138,"column":1}},"locations":[{"start":{"line":123,"column":7},"end":{"line":138,"column":1}}]},"1":{"type":"branch","line":125,"loc":{"start":{"line":125,"column":45},"end":{"line":125,"column":52}},"locations":[{"start":{"line":125,"column":45},"end":{"line":125,"column":52}}]},"2":{"type":"branch","line":127,"loc":{"start":{"line":127,"column":40},"end":{"line":127,"column":51}},"locations":[{"start":{"line":127,"column":40},"end":{"line":127,"column":51}}]},"3":{"type":"branch","line":127,"loc":{"start":{"line":127,"column":47},"end":{"line":128,"column":41}},"locations":[{"start":{"line":127,"column":47},"end":{"line":128,"column":41}}]},"4":{"type":"branch","line":128,"loc":{"start":{"line":128,"column":41},"end":{"line":130,"column":3}},"locations":[{"start":{"line":128,"column":41},"end":{"line":130,"column":3}}]},"5":{"type":"branch","line":129,"loc":{"start":{"line":129,"column":32},"end":{"line":129,"column":43}},"locations":[{"start":{"line":129,"column":32},"end":{"line":129,"column":43}}]},"6":{"type":"branch","line":130,"loc":{"start":{"line":130,"column":2},"end":{"line":131,"column":44}},"locations":[{"start":{"line":130,"column":2},"end":{"line":131,"column":44}}]},"7":{"type":"branch","line":131,"loc":{"start":{"line":131,"column":44},"end":{"line":133,"column":3}},"locations":[{"start":{"line":131,"column":44},"end":{"line":133,"column":3}}]},"8":{"type":"branch","line":132,"loc":{"start":{"line":132,"column":36},"end":{"line":132,"column":47}},"locations":[{"start":{"line":132,"column":36},"end":{"line":132,"column":47}}]},"9":{"type":"branch","line":133,"loc":{"start":{"line":133,"column":2},"end":{"line":134,"column":38}},"locations":[{"start":{"line":133,"column":2},"end":{"line":134,"column":38}}]},"10":{"type":"branch","line":134,"loc":{"start":{"line":134,"column":38},"end":{"line":136,"column":3}},"locations":[{"start":{"line":134,"column":38},"end":{"line":136,"column":3}}]},"11":{"type":"branch","line":135,"loc":{"start":{"line":135,"column":45},"end":{"line":135,"column":56}},"locations":[{"start":{"line":135,"column":45},"end":{"line":135,"column":56}}]},"12":{"type":"branch","line":136,"loc":{"start":{"line":136,"column":2},"end":{"line":138,"column":1}},"locations":[{"start":{"line":136,"column":2},"end":{"line":138,"column":1}}]},"13":{"type":"branch","line":140,"loc":{"start":{"line":140,"column":7},"end":{"line":152,"column":1}},"locations":[{"start":{"line":140,"column":7},"end":{"line":152,"column":1}}]},"14":{"type":"branch","line":144,"loc":{"start":{"line":144,"column":32},"end":{"line":144,"column":43}},"locations":[{"start":{"line":144,"column":32},"end":{"line":144,"column":43}}]},"15":{"type":"branch","line":144,"loc":{"start":{"line":144,"column":39},"end":{"line":147,"column":31}},"locations":[{"start":{"line":144,"column":39},"end":{"line":147,"column":31}}]},"16":{"type":"branch","line":147,"loc":{"start":{"line":147,"column":27},"end":{"line":148,"column":35}},"locations":[{"start":{"line":147,"column":27},"end":{"line":148,"column":35}}]},"17":{"type":"branch","line":148,"loc":{"start":{"line":148,"column":31},"end":{"line":149,"column":29}},"locations":[{"start":{"line":148,"column":31},"end":{"line":149,"column":29}}]},"18":{"type":"branch","line":149,"loc":{"start":{"line":149,"column":25},"end":{"line":150,"column":32}},"locations":[{"start":{"line":149,"column":25},"end":{"line":150,"column":32}}]}},"b":{"0":[14],"1":[0],"2":[5],"3":[9],"4":[89],"5":[1],"6":[8],"7":[72],"8":[0],"9":[8],"10":[312],"11":[0],"12":[8],"13":[8],"14":[2],"15":[6],"16":[5],"17":[4],"18":[3]},"fnMap":{"0":{"name":"isSecurityFile","decl":{"start":{"line":123,"column":7},"end":{"line":138,"column":1}},"loc":{"start":{"line":123,"column":7},"end":{"line":138,"column":1}},"line":123},"1":{"name":"isSecuritySensitive","decl":{"start":{"line":140,"column":7},"end":{"line":152,"column":1}},"loc":{"start":{"line":140,"column":7},"end":{"line":152,"column":1}},"line":140}},"f":{"0":14,"1":8}}
,"/run/media/ldco/3734114f-7123-41f5-8f63-7f43c94879eb/NEW_ORDER/FABRICA22/nutausik-js/packages/nutausik/src/verify/cache.ts": {"path":"/run/media/ldco/3734114f-7123-41f5-8f63-7f43c94879eb/NEW_ORDER/FABRICA22/nutausik-js/packages/nutausik/src/verify/cache.ts","all":false,"statementMap":{"1":{"start":{"line":2,"column":0},"end":{"line":2,"column":42}},"14":{"start":{"line":15,"column":0},"end":{"line":15,"column":133}},"15":{"start":{"line":16,"column":0},"end":{"line":16,"column":80}},"16":{"start":{"line":17,"column":0},"end":{"line":17,"column":31}},"17":{"start":{"line":18,"column":0},"end":{"line":18,"column":10}},"18":{"start":{"line":19,"column":0},"end":{"line":19,"column":18}},"19":{"start":{"line":20,"column":0},"end":{"line":20,"column":31}},"20":{"start":{"line":21,"column":0},"end":{"line":21,"column":24}},"21":{"start":{"line":22,"column":0},"end":{"line":22,"column":28}},"22":{"start":{"line":23,"column":0},"end":{"line":23,"column":31}},"23":{"start":{"line":24,"column":0},"end":{"line":24,"column":28}},"24":{"start":{"line":25,"column":0},"end":{"line":25,"column":33}},"25":{"start":{"line":26,"column":0},"end":{"line":26,"column":25}},"26":{"start":{"line":27,"column":0},"end":{"line":27,"column":3}},"27":{"start":{"line":28,"column":0},"end":{"line":28,"column":1}},"29":{"start":{"line":30,"column":0},"end":{"line":30,"column":201}},"30":{"start":{"line":31,"column":0},"end":{"line":31,"column":104}},"31":{"start":{"line":32,"column":0},"end":{"line":32,"column":1}}},"s":{"1":1,"14":1,"15":1,"16":1,"17":0,"18":0,"19":0,"20":0,"21":0,"22":0,"23":0,"24":0,"25":0,"26":0,"27":0,"29":1,"30":1,"31":1},"branchMap":{"0":{"type":"branch","line":15,"loc":{"start":{"line":15,"column":7},"end":{"line":28,"column":1}},"locations":[{"start":{"line":15,"column":7},"end":{"line":28,"column":1}}]},"1":{"type":"branch","line":17,"loc":{"start":{"line":17,"column":22},"end":{"line":28,"column":1}},"locations":[{"start":{"line":17,"column":22},"end":{"line":28,"column":1}}]},"2":{"type":"branch","line":30,"loc":{"start":{"line":30,"column":7},"end":{"line":32,"column":1}},"locations":[{"start":{"line":30,"column":7},"end":{"line":32,"column":1}}]}},"b":{"0":[1],"1":[0],"2":[1]},"fnMap":{"0":{"name":"lookupRecent","decl":{"start":{"line":15,"column":7},"end":{"line":28,"column":1}},"loc":{"start":{"line":15,"column":7},"end":{"line":28,"column":1}},"line":15},"1":{"name":"recordRun","decl":{"start":{"line":30,"column":7},"end":{"line":32,"column":1}},"loc":{"start":{"line":30,"column":7},"end":{"line":32,"column":1}},"line":30}},"f":{"0":1,"1":1}}
,"/run/media/ldco/3734114f-7123-41f5-8f63-7f43c94879eb/NEW_ORDER/FABRICA22/nutausik-js/packages/nutausik/src/verify/constants.ts": {"path":"/run/media/ldco/3734114f-7123-41f5-8f63-7f43c94879eb/NEW_ORDER/FABRICA22/nutausik-js/packages/nutausik/src/verify/constants.ts","all":false,"statementMap":{"0":{"start":{"line":1,"column":0},"end":{"line":1,"column":38}},"1":{"start":{"line":2,"column":0},"end":{"line":2,"column":44}},"2":{"start":{"line":3,"column":0},"end":{"line":3,"column":100}}},"s":{"0":1,"1":1,"2":1},"branchMap":{},"b":{},"fnMap":{},"f":{}}
,"/run/media/ldco/3734114f-7123-41f5-8f63-7f43c94879eb/NEW_ORDER/FABRICA22/nutausik-js/packages/nutausik/src/verify/files-hash.ts": {"path":"/run/media/ldco/3734114f-7123-41f5-8f63-7f43c94879eb/NEW_ORDER/FABRICA22/nutausik-js/packages/nutausik/src/verify/files-hash.ts","all":false,"statementMap":{"0":{"start":{"line":1,"column":0},"end":{"line":1,"column":38}},"1":{"start":{"line":2,"column":0},"end":{"line":2,"column":40}},"3":{"start":{"line":4,"column":0},"end":{"line":4,"column":59}},"4":{"start":{"line":5,"column":0},"end":{"line":5,"column":35}},"5":{"start":{"line":6,"column":0},"end":{"line":6,"column":36}},"6":{"start":{"line":7,"column":0},"end":{"line":7,"column":9}},"7":{"start":{"line":8,"column":0},"end":{"line":8,"column":40}},"8":{"start":{"line":9,"column":0},"end":{"line":9,"column":39}},"9":{"start":{"line":10,"column":0},"end":{"line":10,"column":13}},"10":{"start":{"line":11,"column":0},"end":{"line":11,"column":45}},"11":{"start":{"line":12,"column":0},"end":{"line":12,"column":5}},"12":{"start":{"line":13,"column":0},"end":{"line":13,"column":3}},"13":{"start":{"line":14,"column":0},"end":{"line":14,"column":27}},"14":{"start":{"line":15,"column":0},"end":{"line":15,"column":1}}},"s":{"0":1,"1":1,"3":1,"4":7,"5":7,"6":11,"7":11,"8":11,"9":11,"10":1,"11":1,"12":11,"13":7,"14":7},"branchMap":{"0":{"type":"branch","line":4,"loc":{"start":{"line":4,"column":7},"end":{"line":15,"column":1}},"locations":[{"start":{"line":4,"column":7},"end":{"line":15,"column":1}}]},"1":{"type":"branch","line":6,"loc":{"start":{"line":6,"column":35},"end":{"line":13,"column":3}},"locations":[{"start":{"line":6,"column":35},"end":{"line":13,"column":3}}]},"2":{"type":"branch","line":10,"loc":{"start":{"line":10,"column":4},"end":{"line":12,"column":5}},"locations":[{"start":{"line":10,"column":4},"end":{"line":12,"column":5}}]}},"b":{"0":[7],"1":[11],"2":[1]},"fnMap":{"0":{"name":"computeFilesHash","decl":{"start":{"line":4,"column":7},"end":{"line":15,"column":1}},"loc":{"start":{"line":4,"column":7},"end":{"line":15,"column":1}},"line":4}},"f":{"0":7}}
,"/run/media/ldco/3734114f-7123-41f5-8f63-7f43c94879eb/NEW_ORDER/FABRICA22/nutausik-js/packages/nutausik/src/verify/git-diff.ts": {"path":"/run/media/ldco/3734114f-7123-41f5-8f63-7f43c94879eb/NEW_ORDER/FABRICA22/nutausik-js/packages/nutausik/src/verify/git-diff.ts","all":true,"statementMap":{"0":{"start":{"line":1,"column":0},"end":{"line":1,"column":29}},"2":{"start":{"line":3,"column":0},"end":{"line":3,"column":75}},"3":{"start":{"line":4,"column":0},"end":{"line":4,"column":7}},"4":{"start":{"line":5,"column":0},"end":{"line":5,"column":87}},"5":{"start":{"line":6,"column":0},"end":{"line":6,"column":71}},"6":{"start":{"line":7,"column":0},"end":{"line":7,"column":107}},"7":{"start":{"line":8,"column":0},"end":{"line":8,"column":77}},"8":{"start":{"line":9,"column":0},"end":{"line":9,"column":51}},"9":{"start":{"line":10,"column":0},"end":{"line":10,"column":11}},"10":{"start":{"line":11,"column":0},"end":{"line":11,"column":13}},"11":{"start":{"line":12,"column":0},"end":{"line":12,"column":3}},"12":{"start":{"line":13,"column":0},"end":{"line":13,"column":1}},"14":{"start":{"line":15,"column":0},"end":{"line":15,"column":81}},"15":{"start":{"line":16,"column":0},"end":{"line":16,"column":7}},"16":{"start":{"line":17,"column":0},"end":{"line":17,"column":85}},"17":{"start":{"line":18,"column":0},"end":{"line":18,"column":24}},"18":{"start":{"line":19,"column":0},"end":{"line":19,"column":11}},"19":{"start":{"line":20,"column":0},"end":{"line":20,"column":15}},"20":{"start":{"line":21,"column":0},"end":{"line":21,"column":3}},"21":{"start":{"line":22,"column":0},"end":{"line":22,"column":1}}},"s":{"0":0,"2":0,"3":0,"4":0,"5":0,"6":0,"7":0,"8":0,"9":0,"10":0,"11":0,"12":0,"14":0,"15":0,"16":0,"17":0,"18":0,"19":0,"20":0,"21":0},"branchMap":{"0":{"type":"branch","line":1,"loc":{"start":{"line":1,"column":780},"end":{"line":22,"column":1}},"locations":[{"start":{"line":1,"column":780},"end":{"line":22,"column":1}}]}},"b":{"0":[0]},"fnMap":{"0":{"name":"(empty-report)","decl":{"start":{"line":1,"column":780},"end":{"line":22,"column":1}},"loc":{"start":{"line":1,"column":780},"end":{"line":22,"column":1}},"line":1}},"f":{"0":0}}
}
